Using pre-set license
Built from '2020.3/staging' branch; Version is '2020.3.21f1 (a38c86f6690f) revision 10718342'; Using compiler version '192528614'; Build Type 'Release'
OS: 'Windows 10 Pro; OS build 19044.1415; Version 2009; 64bit' Language: 'ko' Physical Memory: 15724 MB
BatchMode: 1, IsHumanControllingUs: 0, StartBugReporterOnCrash: 0, Is64bit: 1, IsPro: 0

COMMAND LINE ARGUMENTS:
C:\Program Files\Unity\Hub\Editor\2020.3.21f1\Editor\Unity.exe
-adb2
-batchMode
-noUpm
-name
AssetImportWorker0
-projectPath
C:/Users/ehdwl/OneDrive/문서/GitHub/1-1-/1팀1기업/1팀 1기업
-logFile
Logs/AssetImportWorker0.log
-srvPort
56547
Successfully changed project path to: C:/Users/ehdwl/OneDrive/문서/GitHub/1-1-/1팀1기업/1팀 1기업
C:/Users/ehdwl/OneDrive/문서/GitHub/1-1-/1팀1기업/1팀 1기업
Using Asset Import Pipeline V2.
Refreshing native plugins compatible for Editor in 168.99 ms, found 3 plugins.
Preloading 0 native plugins for Editor in 0.00 ms.
Initialize engine version: 2020.3.21f1 (a38c86f6690f)
[Subsystems] Discovering subsystems at path C:/Program Files/Unity/Hub/Editor/2020.3.21f1/Editor/Data/Resources/UnitySubsystems
[Subsystems] Discovering subsystems at path C:/Users/ehdwl/OneDrive/문서/GitHub/1-1-/1팀1기업/1팀 1기업/Assets
GfxDevice: creating device client; threaded=0
Direct3D:
    Version:  Direct3D 11.0 [level 11.1]
    Renderer: NVIDIA GeForce RTX 3050 Ti Laptop GPU (ID=0x25a0)
    Vendor:   
    VRAM:     3990 MB
    Driver:   30.0.14.7212
Initialize mono
Mono path[0] = 'C:/Program Files/Unity/Hub/Editor/2020.3.21f1/Editor/Data/Managed'
Mono path[1] = 'C:/Program Files/Unity/Hub/Editor/2020.3.21f1/Editor/Data/MonoBleedingEdge/lib/mono/unityjit'
Mono config path = 'C:/Program Files/Unity/Hub/Editor/2020.3.21f1/Editor/Data/MonoBleedingEdge/etc'
Using monoOptions --debugger-agent=transport=dt_socket,embedding=1,server=y,suspend=n,address=127.0.0.1:56192
Begin MonoManager ReloadAssembly
Registering precompiled unity dll's ...
Register platform support module: C:/Program Files/Unity/Hub/Editor/2020.3.21f1/Editor/Data/PlaybackEngines/WindowsStandaloneSupport/UnityEditor.WindowsStandalone.Extensions.dll
Registered in 0.008251 seconds.
Native extension for WindowsStandalone target not found
Refreshing native plugins compatible for Editor in 185.76 ms, found 3 plugins.
Preloading 0 native plugins for Editor in 0.00 ms.
Mono: successfully reloaded assembly
- Completed reload, in  4.036 seconds
Domain Reload Profiling:
	ReloadAssembly (4036ms)
		BeginReloadAssembly (251ms)
			ExecutionOrderSort (0ms)
			DisableScriptedObjects (0ms)
			BackupInstance (0ms)
			ReleaseScriptingObjects (0ms)
			CreateAndSetChildDomain (2ms)
		EndReloadAssembly (1552ms)
			LoadAssemblies (241ms)
			RebuildTransferFunctionScriptingTraits (0ms)
			SetupTypeCache (501ms)
			ReleaseScriptCaches (0ms)
			RebuildScriptCaches (92ms)
			SetupLoadedEditorAssemblies (620ms)
				LogAssemblyErrors (0ms)
				InitializePlatformSupportModulesInManaged (22ms)
				SetLoadedEditorAssemblies (1ms)
				RefreshPlugins (186ms)
				BeforeProcessingInitializeOnLoad (52ms)
				ProcessInitializeOnLoadAttributes (266ms)
				ProcessInitializeOnLoadMethodAttributes (93ms)
				AfterProcessingInitializeOnLoad (0ms)
				EditorAssembliesLoaded (1ms)
			ExecutionOrderSort2 (0ms)
			AwakeInstancesAfterBackupRestoration (0ms)
Platform modules already initialized, skipping
Registering precompiled user dll's ...
Registered in 0.029984 seconds.
Begin MonoManager ReloadAssembly
Symbol file data-000002730BF20830 doesn't match image C:\Users\ehdwl\OneDrive\문서\GitHub\1-1-\1팀1기업\1팀 1기업\Library\ScriptAssemblies\Assembly-CSharp-firstpass.dll
Symbol file LoadedFromMemory is not a mono symbol file
Symbol file data-00000273077E8020 doesn't match image C:\Users\ehdwl\OneDrive\문서\GitHub\1-1-\1팀1기업\1팀 1기업\Library\ScriptAssemblies\Unity.2D.Animation.Editor.dll
Symbol file LoadedFromMemory is not a mono symbol file
Symbol file data-000002730716CCD0 doesn't match image C:\Users\ehdwl\OneDrive\문서\GitHub\1-1-\1팀1기업\1팀 1기업\Library\ScriptAssemblies\Unity.InternalAPIEngineBridge.001.dll
Symbol file LoadedFromMemory is not a mono symbol file
Symbol file data-000002730777DC50 doesn't match image C:\Users\ehdwl\OneDrive\문서\GitHub\1-1-\1팀1기업\1팀 1기업\Library\ScriptAssemblies\Unity.VSCode.Editor.dll
Symbol file LoadedFromMemory is not a mono symbol file
Symbol file data-00000273075B35B0 doesn't match image C:\Users\ehdwl\OneDrive\문서\GitHub\1-1-\1팀1기업\1팀 1기업\Library\ScriptAssemblies\Unity.2D.PixelPerfect.dll
Symbol file LoadedFromMemory is not a mono symbol file
Symbol file data-000002730780CC30 doesn't match image C:\Users\ehdwl\OneDrive\문서\GitHub\1-1-\1팀1기업\1팀 1기업\Library\ScriptAssemblies\Unity.2D.Tilemap.Editor.dll
Symbol file LoadedFromMemory is not a mono symbol file
Symbol file data-000002730780CC30 doesn't match image C:\Users\ehdwl\OneDrive\문서\GitHub\1-1-\1팀1기업\1팀 1기업\Library\ScriptAssemblies\PsdPlugin.dll
Symbol file LoadedFromMemory is not a mono symbol file
Symbol file data-000002730780CC30 doesn't match image C:\Users\ehdwl\OneDrive\문서\GitHub\1-1-\1팀1기업\1팀 1기업\Library\ScriptAssemblies\Unity.TextMeshPro.Editor.dll
Symbol file LoadedFromMemory is not a mono symbol file
Symbol file data-000002730C27F9B0 doesn't match image C:\Users\ehdwl\OneDrive\문서\GitHub\1-1-\1팀1기업\1팀 1기업\Library\ScriptAssemblies\Unity.VisualStudio.Editor.dll
Symbol file LoadedFromMemory is not a mono symbol file
Symbol file data-000002730D3B9830 doesn't match image C:\Users\ehdwl\OneDrive\문서\GitHub\1-1-\1팀1기업\1팀 1기업\Library\ScriptAssemblies\UnityEngine.TestRunner.dll
Symbol file LoadedFromMemory is not a mono symbol file
Symbol file data-000002730D3B9830 doesn't match image C:\Users\ehdwl\OneDrive\문서\GitHub\1-1-\1팀1기업\1팀 1기업\Library\ScriptAssemblies\Unity.Timeline.dll
Symbol file LoadedFromMemory is not a mono symbol file
Symbol file data-000002730BF37020 doesn't match image C:\Users\ehdwl\OneDrive\문서\GitHub\1-1-\1팀1기업\1팀 1기업\Library\ScriptAssemblies\Unity.TextMeshPro.dll
Symbol file LoadedFromMemory is not a mono symbol file
Symbol file data-000002730780CC30 doesn't match image C:\Users\ehdwl\OneDrive\문서\GitHub\1-1-\1팀1기업\1팀 1기업\Library\ScriptAssemblies\UnityEditor.TestRunner.dll
Symbol file LoadedFromMemory is not a mono symbol file
Symbol file data-000002730777DC50 doesn't match image C:\Users\ehdwl\OneDrive\문서\GitHub\1-1-\1팀1기업\1팀 1기업\Library\ScriptAssemblies\Unity.2D.IK.Editor.dll
Symbol file LoadedFromMemory is not a mono symbol file
Symbol file data-000002730D3B9830 doesn't match image C:\Users\ehdwl\OneDrive\문서\GitHub\1-1-\1팀1기업\1팀 1기업\Library\ScriptAssemblies\Unity.2D.Sprite.Editor.dll
Symbol file LoadedFromMemory is not a mono symbol file
Symbol file data-000002730C27F9B0 doesn't match image C:\Users\ehdwl\OneDrive\문서\GitHub\1-1-\1팀1기업\1팀 1기업\Library\ScriptAssemblies\Unity.2D.Psdimporter.Editor.dll
Symbol file LoadedFromMemory is not a mono symbol file
Symbol file data-0000027307814C40 doesn't match image C:\Users\ehdwl\OneDrive\문서\GitHub\1-1-\1팀1기업\1팀 1기업\Library\ScriptAssemblies\Unity.2D.Path.Editor.dll
Symbol file LoadedFromMemory is not a mono symbol file
Symbol file data-000002730CF85030 doesn't match image C:\Users\ehdwl\OneDrive\문서\GitHub\1-1-\1팀1기업\1팀 1기업\Library\ScriptAssemblies\Unity.InternalAPIEditorBridge.001.dll
Symbol file LoadedFromMemory is not a mono symbol file
Symbol file data-000002730C27F9B0 doesn't match image C:\Users\ehdwl\OneDrive\문서\GitHub\1-1-\1팀1기업\1팀 1기업\Library\ScriptAssemblies\UnityEditor.UI.dll
Symbol file LoadedFromMemory is not a mono symbol file
Symbol file data-000002730C790010 doesn't match image C:\Users\ehdwl\OneDrive\문서\GitHub\1-1-\1팀1기업\1팀 1기업\Library\ScriptAssemblies\Unity.PlasticSCM.Editor.dll
Symbol file LoadedFromMemory is not a mono symbol file
Symbol file data-00000273077E0CC0 doesn't match image C:\Users\ehdwl\OneDrive\문서\GitHub\1-1-\1팀1기업\1팀 1기업\Library\ScriptAssemblies\Unity.Rider.Editor.dll
Symbol file LoadedFromMemory is not a mono symbol file
Symbol file data-000002730D495630 doesn't match image C:\Users\ehdwl\OneDrive\문서\GitHub\1-1-\1팀1기업\1팀 1기업\Library\ScriptAssemblies\UnityEngine.UI.dll
Symbol file LoadedFromMemory is not a mono symbol file
Symbol file data-000002730C6B8010 doesn't match image C:\Users\ehdwl\OneDrive\문서\GitHub\1-1-\1팀1기업\1팀 1기업\Library\ScriptAssemblies\Unity.Mathematics.dll
Symbol file LoadedFromMemory is not a mono symbol file
Symbol file data-000002730BF76640 doesn't match image C:\Users\ehdwl\OneDrive\문서\GitHub\1-1-\1팀1기업\1팀 1기업\Library\ScriptAssemblies\Unity.2D.IK.Runtime.dll
Symbol file LoadedFromMemory is not a mono symbol file
Symbol file data-00000273075EAFA0 doesn't match image C:\Users\ehdwl\OneDrive\문서\GitHub\1-1-\1팀1기업\1팀 1기업\Library\ScriptAssemblies\Unity.Services.Core.Editor.dll
Symbol file LoadedFromMemory is not a mono symbol file
Symbol file data-000002730D495630 doesn't match image C:\Users\ehdwl\OneDrive\문서\GitHub\1-1-\1팀1기업\1팀 1기업\Library\ScriptAssemblies\Unity.2D.Animation.Triangle.Runtime.dll
Symbol file LoadedFromMemory is not a mono symbol file
Symbol file data-000002730C071440 doesn't match image C:\Users\ehdwl\OneDrive\문서\GitHub\1-1-\1팀1기업\1팀 1기업\Library\ScriptAssemblies\Unity.2D.Animation.Runtime.dll
Symbol file LoadedFromMemory is not a mono symbol file
Symbol file data-0000027307769D40 doesn't match image C:\Users\ehdwl\OneDrive\문서\GitHub\1-1-\1팀1기업\1팀 1기업\Library\ScriptAssemblies\Unity.2D.PixelPerfect.Editor.dll
Symbol file LoadedFromMemory is not a mono symbol file
Symbol file data-000002730C52E010 doesn't match image C:\Users\ehdwl\OneDrive\문서\GitHub\1-1-\1팀1기업\1팀 1기업\Library\ScriptAssemblies\Unity.Timeline.Editor.dll
Symbol file LoadedFromMemory is not a mono symbol file
Symbol file data-000002730796A180 doesn't match image C:\Users\ehdwl\OneDrive\문서\GitHub\1-1-\1팀1기업\1팀 1기업\Library\ScriptAssemblies\Unity.CollabProxy.Editor.dll
Symbol file LoadedFromMemory is not a mono symbol file
Symbol file data-000002730797A030 doesn't match image C:\Users\ehdwl\OneDrive\문서\GitHub\1-1-\1팀1기업\1팀 1기업\Library\ScriptAssemblies\Unity.Mathematics.Editor.dll
Symbol file LoadedFromMemory is not a mono symbol file
Symbol file data-0000027307538040 doesn't match image C:\Users\ehdwl\OneDrive\문서\GitHub\1-1-\1팀1기업\1팀 1기업\Library\ScriptAssemblies\Unity.2D.Common.Runtime.dll
Symbol file LoadedFromMemory is not a mono symbol file
Symbol file data-000002730CD8C890 doesn't match image C:\Users\ehdwl\OneDrive\문서\GitHub\1-1-\1팀1기업\1팀 1기업\Library\ScriptAssemblies\Unity.2D.SpriteShape.Editor.dll
Symbol file LoadedFromMemory is not a mono symbol file
Symbol file data-000002730BF76640 doesn't match image C:\Users\ehdwl\OneDrive\문서\GitHub\1-1-\1팀1기업\1팀 1기업\Library\ScriptAssemblies\Unity.2D.Common.Editor.dll
Symbol file LoadedFromMemory is not a mono symbol file
Symbol file data-000002730C18A630 doesn't match image C:\Users\ehdwl\OneDrive\문서\GitHub\1-1-\1팀1기업\1팀 1기업\Library\ScriptAssemblies\Unity.2D.SpriteShape.Runtime.dll
Symbol file LoadedFromMemory is not a mono symbol file
Native extension for WindowsStandalone target not found
Refreshing native plugins compatible for Editor in 143.53 ms, found 3 plugins.
Preloading 0 native plugins for Editor in 0.00 ms.
Mono: successfully reloaded assembly
- Completed reload, in  4.627 seconds
Domain Reload Profiling:
	ReloadAssembly (4630ms)
		BeginReloadAssembly (541ms)
			ExecutionOrderSort (0ms)
			DisableScriptedObjects (17ms)
			BackupInstance (0ms)
			ReleaseScriptingObjects (0ms)
			CreateAndSetChildDomain (56ms)
		EndReloadAssembly (3850ms)
			LoadAssemblies (379ms)
			RebuildTransferFunctionScriptingTraits (0ms)
			SetupTypeCache (1054ms)
			ReleaseScriptCaches (2ms)
			RebuildScriptCaches (146ms)
			SetupLoadedEditorAssemblies (1808ms)
				LogAssemblyErrors (0ms)
				InitializePlatformSupportModulesInManaged (16ms)
				SetLoadedEditorAssemblies (1ms)
				RefreshPlugins (144ms)
				BeforeProcessingInitializeOnLoad (720ms)
				ProcessInitializeOnLoadAttributes (687ms)
				ProcessInitializeOnLoadMethodAttributes (204ms)
				AfterProcessingInitializeOnLoad (37ms)
				EditorAssembliesLoaded (1ms)
			ExecutionOrderSort2 (0ms)
			AwakeInstancesAfterBackupRestoration (92ms)
Platform modules already initialized, skipping
========================================================================
Worker process is ready to serve import requests
Launched and connected shader compiler UnityShaderCompiler.exe after 0.18 seconds
Refreshing native plugins compatible for Editor in 1.13 ms, found 3 plugins.
Preloading 0 native plugins for Editor in 0.00 ms.
Unloading 2208 Unused Serialized files (Serialized files now loaded: 0)
System memory in use before: 98.9 MB.
System memory in use after: 98.9 MB.

Unloading 30 unused Assets to reduce memory usage. Loaded Objects now: 2646.
Total: 8.364300 ms (FindLiveObjects: 0.419700 ms CreateObjectMapping: 0.170500 ms MarkObjects: 7.612100 ms  DeleteObjects: 0.159000 ms)

AssetImportParameters requested are different than current active one (requested -> active):
  custom:framework-win-MediaFoundation: 216162199b28c13a410421893ffa2e32 -> 
  custom:video-decoder-ogg-theora: a1e56fd34408186e4bbccfd4996cb3dc -> 
  custom:container-muxer-webm: aa71ff27fc2769a1b78a27578f13a17b -> 
  custom:container-demuxer-webm: 4f35f7cbe854078d1ac9338744f61a02 -> 
  custom:container-demuxer-ogg: 62fdf1f143b41e24485cea50d1cbac27 -> 
  custom:video-encoder-webm-vp8: eb34c28f22e8b96e1ab97ce403110664 -> 
  custom:video-decoder-webm-vp8: 9c59270c3fd7afecdb556c50c9e8de78 -> 
  custom:audio-decoder-ogg-vorbis: bf7c407c2cedff20999df2af8eb42d56 -> 
  custom:audio-encoder-webm-vorbis: bf7c407c2cedff20999df2af8eb42d56 -> 
========================================================================
Received Prepare
Refreshing native plugins compatible for Editor in 18.68 ms, found 3 plugins.
Preloading 0 native plugins for Editor in 0.00 ms.
Unloading 17 Unused Serialized files (Serialized files now loaded: 0)
System memory in use before: 54.9 MB.
System memory in use after: 55.1 MB.

Unloading 17 unused Assets to reduce memory usage. Loaded Objects now: 2646.
Total: 7.973400 ms (FindLiveObjects: 0.403500 ms CreateObjectMapping: 0.206300 ms MarkObjects: 7.314600 ms  DeleteObjects: 0.046700 ms)

AssetImportParameters requested are different than current active one (requested -> active):
  custom:framework-win-MediaFoundation: 216162199b28c13a410421893ffa2e32 -> 
  custom:video-decoder-ogg-theora: a1e56fd34408186e4bbccfd4996cb3dc -> 
  custom:container-muxer-webm: aa71ff27fc2769a1b78a27578f13a17b -> 
  custom:container-demuxer-webm: 4f35f7cbe854078d1ac9338744f61a02 -> 
  custom:container-demuxer-ogg: 62fdf1f143b41e24485cea50d1cbac27 -> 
  custom:video-encoder-webm-vp8: eb34c28f22e8b96e1ab97ce403110664 -> 
  custom:video-decoder-webm-vp8: 9c59270c3fd7afecdb556c50c9e8de78 -> 
  custom:audio-decoder-ogg-vorbis: bf7c407c2cedff20999df2af8eb42d56 -> 
  custom:audio-encoder-webm-vorbis: bf7c407c2cedff20999df2af8eb42d56 -> 
========================================================================
Received Import Request.
  path: Assets/Daewoon/Scene/Ingame_Test.unity
  artifactKey: Guid(39f3a4b0da3d2874c97944d13e536082) Importer(815301076,1909f56bfc062723c751e8b465ee728b)
Start importing Assets/Daewoon/Scene/Ingame_Test.unity using Guid(39f3a4b0da3d2874c97944d13e536082) Importer(815301076,1909f56bfc062723c751e8b465ee728b)  -> (artifact id: '363a0cae77c184e08747f565a4a454b0') in 0.076457 seconds 
  Import took 0.087128 seconds .

========================================================================
Received Prepare
Registering precompiled user dll's ...
Registered in 0.026291 seconds.
Begin MonoManager ReloadAssembly
Symbol file data-0000027306CECFE0 doesn't match image C:\Users\ehdwl\OneDrive\문서\GitHub\1-1-\1팀1기업\1팀 1기업\Library\ScriptAssemblies\Assembly-CSharp-firstpass.dll
Symbol file LoadedFromMemory is not a mono symbol file
Symbol file data-0000027311022030 doesn't match image C:\Users\ehdwl\OneDrive\문서\GitHub\1-1-\1팀1기업\1팀 1기업\Library\ScriptAssemblies\Unity.2D.Animation.Editor.dll
Symbol file LoadedFromMemory is not a mono symbol file
Symbol file data-0000027310D64440 doesn't match image C:\Users\ehdwl\OneDrive\문서\GitHub\1-1-\1팀1기업\1팀 1기업\Library\ScriptAssemblies\Unity.InternalAPIEngineBridge.001.dll
Symbol file LoadedFromMemory is not a mono symbol file
Symbol file data-000002730D5B1470 doesn't match image C:\Users\ehdwl\OneDrive\문서\GitHub\1-1-\1팀1기업\1팀 1기업\Library\ScriptAssemblies\Unity.VSCode.Editor.dll
Symbol file LoadedFromMemory is not a mono symbol file
Symbol file data-000002730BED0030 doesn't match image C:\Users\ehdwl\OneDrive\문서\GitHub\1-1-\1팀1기업\1팀 1기업\Library\ScriptAssemblies\Unity.2D.PixelPerfect.dll
Symbol file LoadedFromMemory is not a mono symbol file
Symbol file data-00000273105CD030 doesn't match image C:\Users\ehdwl\OneDrive\문서\GitHub\1-1-\1팀1기업\1팀 1기업\Library\ScriptAssemblies\Unity.2D.Tilemap.Editor.dll
Symbol file LoadedFromMemory is not a mono symbol file
Symbol file data-0000027310B7E030 doesn't match image C:\Users\ehdwl\OneDrive\문서\GitHub\1-1-\1팀1기업\1팀 1기업\Library\ScriptAssemblies\PsdPlugin.dll
Symbol file LoadedFromMemory is not a mono symbol file
Symbol file data-0000027311290230 doesn't match image C:\Users\ehdwl\OneDrive\문서\GitHub\1-1-\1팀1기업\1팀 1기업\Library\ScriptAssemblies\Unity.TextMeshPro.Editor.dll
Symbol file LoadedFromMemory is not a mono symbol file
Symbol file data-00000273112A0A50 doesn't match image C:\Users\ehdwl\OneDrive\문서\GitHub\1-1-\1팀1기업\1팀 1기업\Library\ScriptAssemblies\Unity.VisualStudio.Editor.dll
Symbol file LoadedFromMemory is not a mono symbol file
Symbol file data-00000273116B4930 doesn't match image C:\Users\ehdwl\OneDrive\문서\GitHub\1-1-\1팀1기업\1팀 1기업\Library\ScriptAssemblies\UnityEngine.TestRunner.dll
Symbol file LoadedFromMemory is not a mono symbol file
Symbol file data-00000273105CD030 doesn't match image C:\Users\ehdwl\OneDrive\문서\GitHub\1-1-\1팀1기업\1팀 1기업\Library\ScriptAssemblies\Unity.Timeline.dll
Symbol file LoadedFromMemory is not a mono symbol file
Symbol file data-000002731125EF70 doesn't match image C:\Users\ehdwl\OneDrive\문서\GitHub\1-1-\1팀1기업\1팀 1기업\Library\ScriptAssemblies\Unity.TextMeshPro.dll
Symbol file LoadedFromMemory is not a mono symbol file
Symbol file data-0000027307AB6540 doesn't match image C:\Users\ehdwl\OneDrive\문서\GitHub\1-1-\1팀1기업\1팀 1기업\Library\ScriptAssemblies\UnityEditor.TestRunner.dll
Symbol file LoadedFromMemory is not a mono symbol file
Symbol file data-00000272DFFB88E0 doesn't match image C:\Users\ehdwl\OneDrive\문서\GitHub\1-1-\1팀1기업\1팀 1기업\Library\ScriptAssemblies\Unity.2D.IK.Editor.dll
Symbol file LoadedFromMemory is not a mono symbol file
Symbol file data-0000027311290230 doesn't match image C:\Users\ehdwl\OneDrive\문서\GitHub\1-1-\1팀1기업\1팀 1기업\Library\ScriptAssemblies\Unity.2D.Sprite.Editor.dll
Symbol file LoadedFromMemory is not a mono symbol file
Symbol file data-00000273112A0A50 doesn't match image C:\Users\ehdwl\OneDrive\문서\GitHub\1-1-\1팀1기업\1팀 1기업\Library\ScriptAssemblies\Unity.2D.Psdimporter.Editor.dll
Symbol file LoadedFromMemory is not a mono symbol file
Symbol file data-00000273110B43E0 doesn't match image C:\Users\ehdwl\OneDrive\문서\GitHub\1-1-\1팀1기업\1팀 1기업\Library\ScriptAssemblies\Unity.2D.Path.Editor.dll
Symbol file LoadedFromMemory is not a mono symbol file
Symbol file data-00000273110A77C0 doesn't match image C:\Users\ehdwl\OneDrive\문서\GitHub\1-1-\1팀1기업\1팀 1기업\Library\ScriptAssemblies\Unity.InternalAPIEditorBridge.001.dll
Symbol file LoadedFromMemory is not a mono symbol file
Symbol file data-000002731110CBB0 doesn't match image C:\Users\ehdwl\OneDrive\문서\GitHub\1-1-\1팀1기업\1팀 1기업\Library\ScriptAssemblies\UnityEditor.UI.dll
Symbol file LoadedFromMemory is not a mono symbol file
Symbol file data-000002730B8EC2B0 doesn't match image C:\Users\ehdwl\OneDrive\문서\GitHub\1-1-\1팀1기업\1팀 1기업\Library\ScriptAssemblies\Unity.PlasticSCM.Editor.dll
Symbol file LoadedFromMemory is not a mono symbol file
Symbol file data-000002730DBEDA20 doesn't match image C:\Users\ehdwl\OneDrive\문서\GitHub\1-1-\1팀1기업\1팀 1기업\Library\ScriptAssemblies\Unity.Rider.Editor.dll
Symbol file LoadedFromMemory is not a mono symbol file
Symbol file data-00000273108ECE20 doesn't match image C:\Users\ehdwl\OneDrive\문서\GitHub\1-1-\1팀1기업\1팀 1기업\Library\ScriptAssemblies\UnityEngine.UI.dll
Symbol file LoadedFromMemory is not a mono symbol file
Symbol file data-000002730C6B8010 doesn't match image C:\Users\ehdwl\OneDrive\문서\GitHub\1-1-\1팀1기업\1팀 1기업\Library\ScriptAssemblies\Unity.Mathematics.dll
Symbol file LoadedFromMemory is not a mono symbol file
Symbol file data-0000027310A4E070 doesn't match image C:\Users\ehdwl\OneDrive\문서\GitHub\1-1-\1팀1기업\1팀 1기업\Library\ScriptAssemblies\Unity.2D.IK.Runtime.dll
Symbol file LoadedFromMemory is not a mono symbol file
Symbol file data-000002730F148830 doesn't match image C:\Users\ehdwl\OneDrive\문서\GitHub\1-1-\1팀1기업\1팀 1기업\Library\ScriptAssemblies\Unity.Services.Core.Editor.dll
Symbol file LoadedFromMemory is not a mono symbol file
Symbol file data-00000273108ECE20 doesn't match image C:\Users\ehdwl\OneDrive\문서\GitHub\1-1-\1팀1기업\1팀 1기업\Library\ScriptAssemblies\Unity.2D.Animation.Triangle.Runtime.dll
Symbol file LoadedFromMemory is not a mono symbol file
Symbol file data-00000273112FEC60 doesn't match image C:\Users\ehdwl\OneDrive\문서\GitHub\1-1-\1팀1기업\1팀 1기업\Library\ScriptAssemblies\Unity.2D.Animation.Runtime.dll
Symbol file LoadedFromMemory is not a mono symbol file
Symbol file data-000002731125AE00 doesn't match image C:\Users\ehdwl\OneDrive\문서\GitHub\1-1-\1팀1기업\1팀 1기업\Library\ScriptAssemblies\Unity.2D.PixelPerfect.Editor.dll
Symbol file LoadedFromMemory is not a mono symbol file
Symbol file data-00000273106E0D20 doesn't match image C:\Users\ehdwl\OneDrive\문서\GitHub\1-1-\1팀1기업\1팀 1기업\Library\ScriptAssemblies\Unity.Timeline.Editor.dll
Symbol file LoadedFromMemory is not a mono symbol file
Symbol file data-00000273108CD020 doesn't match image C:\Users\ehdwl\OneDrive\문서\GitHub\1-1-\1팀1기업\1팀 1기업\Library\ScriptAssemblies\Unity.CollabProxy.Editor.dll
Symbol file LoadedFromMemory is not a mono symbol file
Symbol file data-0000027302235C40 doesn't match image C:\Users\ehdwl\OneDrive\문서\GitHub\1-1-\1팀1기업\1팀 1기업\Library\ScriptAssemblies\Unity.Mathematics.Editor.dll
Symbol file LoadedFromMemory is not a mono symbol file
Symbol file data-000002730C88C650 doesn't match image C:\Users\ehdwl\OneDrive\문서\GitHub\1-1-\1팀1기업\1팀 1기업\Library\ScriptAssemblies\Unity.2D.Common.Runtime.dll
Symbol file LoadedFromMemory is not a mono symbol file
Symbol file data-00000273112A0A50 doesn't match image C:\Users\ehdwl\OneDrive\문서\GitHub\1-1-\1팀1기업\1팀 1기업\Library\ScriptAssemblies\Unity.2D.SpriteShape.Editor.dll
Symbol file LoadedFromMemory is not a mono symbol file
Symbol file data-00000272DFFB88E0 doesn't match image C:\Users\ehdwl\OneDrive\문서\GitHub\1-1-\1팀1기업\1팀 1기업\Library\ScriptAssemblies\Unity.2D.Common.Editor.dll
Symbol file LoadedFromMemory is not a mono symbol file
Symbol file data-0000027311290230 doesn't match image C:\Users\ehdwl\OneDrive\문서\GitHub\1-1-\1팀1기업\1팀 1기업\Library\ScriptAssemblies\Unity.2D.SpriteShape.Runtime.dll
Symbol file LoadedFromMemory is not a mono symbol file
Native extension for WindowsStandalone target not found
Refreshing native plugins compatible for Editor in 1.82 ms, found 3 plugins.
Preloading 0 native plugins for Editor in 0.00 ms.
Mono: successfully reloaded assembly
- Completed reload, in  3.815 seconds
Domain Reload Profiling:
	ReloadAssembly (3816ms)
		BeginReloadAssembly (402ms)
			ExecutionOrderSort (0ms)
			DisableScriptedObjects (24ms)
			BackupInstance (0ms)
			ReleaseScriptingObjects (0ms)
			CreateAndSetChildDomain (111ms)
		EndReloadAssembly (3120ms)
			LoadAssemblies (383ms)
			RebuildTransferFunctionScriptingTraits (0ms)
			SetupTypeCache (1085ms)
			ReleaseScriptCaches (3ms)
			RebuildScriptCaches (122ms)
			SetupLoadedEditorAssemblies (1211ms)
				LogAssemblyErrors (0ms)
				InitializePlatformSupportModulesInManaged (19ms)
				SetLoadedEditorAssemblies (2ms)
				RefreshPlugins (2ms)
				BeforeProcessingInitializeOnLoad (347ms)
				ProcessInitializeOnLoadAttributes (765ms)
				ProcessInitializeOnLoadMethodAttributes (39ms)
				AfterProcessingInitializeOnLoad (36ms)
				EditorAssembliesLoaded (1ms)
			ExecutionOrderSort2 (0ms)
			AwakeInstancesAfterBackupRestoration (33ms)
Platform modules already initialized, skipping
Refreshing native plugins compatible for Editor in 1.95 ms, found 3 plugins.
Preloading 0 native plugins for Editor in 0.00 ms.
Unloading 2197 Unused Serialized files (Serialized files now loaded: 0)
System memory in use before: 98.2 MB.
System memory in use after: 98.3 MB.

Unloading 19 unused Assets to reduce memory usage. Loaded Objects now: 2648.
Total: 9.006800 ms (FindLiveObjects: 0.404100 ms CreateObjectMapping: 0.214300 ms MarkObjects: 8.338400 ms  DeleteObjects: 0.047200 ms)

AssetImportParameters requested are different than current active one (requested -> active):
  custom:framework-win-MediaFoundation: 216162199b28c13a410421893ffa2e32 -> 
  custom:video-decoder-ogg-theora: a1e56fd34408186e4bbccfd4996cb3dc -> 
  custom:container-muxer-webm: aa71ff27fc2769a1b78a27578f13a17b -> 
  custom:container-demuxer-webm: 4f35f7cbe854078d1ac9338744f61a02 -> 
  custom:container-demuxer-ogg: 62fdf1f143b41e24485cea50d1cbac27 -> 
  custom:video-encoder-webm-vp8: eb34c28f22e8b96e1ab97ce403110664 -> 
  custom:video-decoder-webm-vp8: 9c59270c3fd7afecdb556c50c9e8de78 -> 
  custom:audio-decoder-ogg-vorbis: bf7c407c2cedff20999df2af8eb42d56 -> 
  custom:audio-encoder-webm-vorbis: bf7c407c2cedff20999df2af8eb42d56 -> 
========================================================================
Received Prepare
Registering precompiled user dll's ...
Registered in 0.030808 seconds.
Begin MonoManager ReloadAssembly
Symbol file data-0000027306CECFE0 doesn't match image C:\Users\ehdwl\OneDrive\문서\GitHub\1-1-\1팀1기업\1팀 1기업\Library\ScriptAssemblies\Assembly-CSharp-firstpass.dll
Symbol file LoadedFromMemory is not a mono symbol file
Symbol file data-000002730BF37020 doesn't match image C:\Users\ehdwl\OneDrive\문서\GitHub\1-1-\1팀1기업\1팀 1기업\Library\ScriptAssemblies\Unity.2D.Animation.Editor.dll
Symbol file LoadedFromMemory is not a mono symbol file
Symbol file data-0000027310D64440 doesn't match image C:\Users\ehdwl\OneDrive\문서\GitHub\1-1-\1팀1기업\1팀 1기업\Library\ScriptAssemblies\Unity.InternalAPIEngineBridge.001.dll
Symbol file LoadedFromMemory is not a mono symbol file
Symbol file data-000002730F923890 doesn't match image C:\Users\ehdwl\OneDrive\문서\GitHub\1-1-\1팀1기업\1팀 1기업\Library\ScriptAssemblies\Unity.VSCode.Editor.dll
Symbol file LoadedFromMemory is not a mono symbol file
Symbol file data-0000027311B17040 doesn't match image C:\Users\ehdwl\OneDrive\문서\GitHub\1-1-\1팀1기업\1팀 1기업\Library\ScriptAssemblies\Unity.2D.PixelPerfect.dll
Symbol file LoadedFromMemory is not a mono symbol file
Symbol file data-00000273105CD030 doesn't match image C:\Users\ehdwl\OneDrive\문서\GitHub\1-1-\1팀1기업\1팀 1기업\Library\ScriptAssemblies\Unity.2D.Tilemap.Editor.dll
Symbol file LoadedFromMemory is not a mono symbol file
Symbol file data-00000273111FBFF0 doesn't match image C:\Users\ehdwl\OneDrive\문서\GitHub\1-1-\1팀1기업\1팀 1기업\Library\ScriptAssemblies\PsdPlugin.dll
Symbol file LoadedFromMemory is not a mono symbol file
Symbol file data-0000027307477570 doesn't match image C:\Users\ehdwl\OneDrive\문서\GitHub\1-1-\1팀1기업\1팀 1기업\Library\ScriptAssemblies\Unity.TextMeshPro.Editor.dll
Symbol file LoadedFromMemory is not a mono symbol file
Symbol file data-00000273112A0A50 doesn't match image C:\Users\ehdwl\OneDrive\문서\GitHub\1-1-\1팀1기업\1팀 1기업\Library\ScriptAssemblies\Unity.VisualStudio.Editor.dll
Symbol file LoadedFromMemory is not a mono symbol file
Symbol file data-000002731080E070 doesn't match image C:\Users\ehdwl\OneDrive\문서\GitHub\1-1-\1팀1기업\1팀 1기업\Library\ScriptAssemblies\UnityEngine.TestRunner.dll
Symbol file LoadedFromMemory is not a mono symbol file
Symbol file data-00000273105CD030 doesn't match image C:\Users\ehdwl\OneDrive\문서\GitHub\1-1-\1팀1기업\1팀 1기업\Library\ScriptAssemblies\Unity.Timeline.dll
Symbol file LoadedFromMemory is not a mono symbol file
Symbol file data-000002731125EF70 doesn't match image C:\Users\ehdwl\OneDrive\문서\GitHub\1-1-\1팀1기업\1팀 1기업\Library\ScriptAssemblies\Unity.TextMeshPro.dll
Symbol file LoadedFromMemory is not a mono symbol file
Symbol file data-0000027307AB6540 doesn't match image C:\Users\ehdwl\OneDrive\문서\GitHub\1-1-\1팀1기업\1팀 1기업\Library\ScriptAssemblies\UnityEditor.TestRunner.dll
Symbol file LoadedFromMemory is not a mono symbol file
Symbol file data-000002730C27F9B0 doesn't match image C:\Users\ehdwl\OneDrive\문서\GitHub\1-1-\1팀1기업\1팀 1기업\Library\ScriptAssemblies\Unity.2D.IK.Editor.dll
Symbol file LoadedFromMemory is not a mono symbol file
Symbol file data-00000273077D6020 doesn't match image C:\Users\ehdwl\OneDrive\문서\GitHub\1-1-\1팀1기업\1팀 1기업\Library\ScriptAssemblies\Unity.2D.Sprite.Editor.dll
Symbol file LoadedFromMemory is not a mono symbol file
Symbol file data-00000273112A0A50 doesn't match image C:\Users\ehdwl\OneDrive\문서\GitHub\1-1-\1팀1기업\1팀 1기업\Library\ScriptAssemblies\Unity.2D.Psdimporter.Editor.dll
Symbol file LoadedFromMemory is not a mono symbol file
Symbol file data-00000273110B43E0 doesn't match image C:\Users\ehdwl\OneDrive\문서\GitHub\1-1-\1팀1기업\1팀 1기업\Library\ScriptAssemblies\Unity.2D.Path.Editor.dll
Symbol file LoadedFromMemory is not a mono symbol file
Symbol file data-0000027307969580 doesn't match image C:\Users\ehdwl\OneDrive\문서\GitHub\1-1-\1팀1기업\1팀 1기업\Library\ScriptAssemblies\Unity.InternalAPIEditorBridge.001.dll
Symbol file LoadedFromMemory is not a mono symbol file
Symbol file data-00000273112A0A50 doesn't match image C:\Users\ehdwl\OneDrive\문서\GitHub\1-1-\1팀1기업\1팀 1기업\Library\ScriptAssemblies\UnityEditor.UI.dll
Symbol file LoadedFromMemory is not a mono symbol file
Symbol file data-0000027311022030 doesn't match image C:\Users\ehdwl\OneDrive\문서\GitHub\1-1-\1팀1기업\1팀 1기업\Library\ScriptAssemblies\Unity.PlasticSCM.Editor.dll
Symbol file LoadedFromMemory is not a mono symbol file
Symbol file data-000002730C886040 doesn't match image C:\Users\ehdwl\OneDrive\문서\GitHub\1-1-\1팀1기업\1팀 1기업\Library\ScriptAssemblies\Unity.Rider.Editor.dll
Symbol file LoadedFromMemory is not a mono symbol file
Symbol file data-000002730C003020 doesn't match image C:\Users\ehdwl\OneDrive\문서\GitHub\1-1-\1팀1기업\1팀 1기업\Library\ScriptAssemblies\UnityEngine.UI.dll
Symbol file LoadedFromMemory is not a mono symbol file
Symbol file data-000002730C6B8010 doesn't match image C:\Users\ehdwl\OneDrive\문서\GitHub\1-1-\1팀1기업\1팀 1기업\Library\ScriptAssemblies\Unity.Mathematics.dll
Symbol file LoadedFromMemory is not a mono symbol file
Symbol file data-000002731090CC30 doesn't match image C:\Users\ehdwl\OneDrive\문서\GitHub\1-1-\1팀1기업\1팀 1기업\Library\ScriptAssemblies\Unity.2D.IK.Runtime.dll
Symbol file LoadedFromMemory is not a mono symbol file
Symbol file data-000002730C886040 doesn't match image C:\Users\ehdwl\OneDrive\문서\GitHub\1-1-\1팀1기업\1팀 1기업\Library\ScriptAssemblies\Unity.Services.Core.Editor.dll
Symbol file LoadedFromMemory is not a mono symbol file
Symbol file data-000002730C003020 doesn't match image C:\Users\ehdwl\OneDrive\문서\GitHub\1-1-\1팀1기업\1팀 1기업\Library\ScriptAssemblies\Unity.2D.Animation.Triangle.Runtime.dll
Symbol file LoadedFromMemory is not a mono symbol file
Symbol file data-000002730FAB9020 doesn't match image C:\Users\ehdwl\OneDrive\문서\GitHub\1-1-\1팀1기업\1팀 1기업\Library\ScriptAssemblies\Unity.2D.Animation.Runtime.dll
Symbol file LoadedFromMemory is not a mono symbol file
Symbol file data-00000273112513F0 doesn't match image C:\Users\ehdwl\OneDrive\문서\GitHub\1-1-\1팀1기업\1팀 1기업\Library\ScriptAssemblies\Unity.2D.PixelPerfect.Editor.dll
Symbol file LoadedFromMemory is not a mono symbol file
Symbol file data-00000273106E0D20 doesn't match image C:\Users\ehdwl\OneDrive\문서\GitHub\1-1-\1팀1기업\1팀 1기업\Library\ScriptAssemblies\Unity.Timeline.Editor.dll
Symbol file LoadedFromMemory is not a mono symbol file
Symbol file data-000002731080E070 doesn't match image C:\Users\ehdwl\OneDrive\문서\GitHub\1-1-\1팀1기업\1팀 1기업\Library\ScriptAssemblies\Unity.CollabProxy.Editor.dll
Symbol file LoadedFromMemory is not a mono symbol file
Symbol file data-0000027302235C40 doesn't match image C:\Users\ehdwl\OneDrive\문서\GitHub\1-1-\1팀1기업\1팀 1기업\Library\ScriptAssemblies\Unity.Mathematics.Editor.dll
Symbol file LoadedFromMemory is not a mono symbol file
Symbol file data-000002730C88CDD0 doesn't match image C:\Users\ehdwl\OneDrive\문서\GitHub\1-1-\1팀1기업\1팀 1기업\Library\ScriptAssemblies\Unity.2D.Common.Runtime.dll
Symbol file LoadedFromMemory is not a mono symbol file
Symbol file data-00000273112A0A50 doesn't match image C:\Users\ehdwl\OneDrive\문서\GitHub\1-1-\1팀1기업\1팀 1기업\Library\ScriptAssemblies\Unity.2D.SpriteShape.Editor.dll
Symbol file LoadedFromMemory is not a mono symbol file
Symbol file data-000002730C27F9B0 doesn't match image C:\Users\ehdwl\OneDrive\문서\GitHub\1-1-\1팀1기업\1팀 1기업\Library\ScriptAssemblies\Unity.2D.Common.Editor.dll
Symbol file LoadedFromMemory is not a mono symbol file
Symbol file data-00000273077D6020 doesn't match image C:\Users\ehdwl\OneDrive\문서\GitHub\1-1-\1팀1기업\1팀 1기업\Library\ScriptAssemblies\Unity.2D.SpriteShape.Runtime.dll
Symbol file LoadedFromMemory is not a mono symbol file
Native extension for WindowsStandalone target not found
Refreshing native plugins compatible for Editor in 1.31 ms, found 3 plugins.
Preloading 0 native plugins for Editor in 0.00 ms.
Mono: successfully reloaded assembly
- Completed reload, in  3.473 seconds
Domain Reload Profiling:
	ReloadAssembly (3474ms)
		BeginReloadAssembly (371ms)
			ExecutionOrderSort (0ms)
			DisableScriptedObjects (19ms)
			BackupInstance (0ms)
			ReleaseScriptingObjects (0ms)
			CreateAndSetChildDomain (101ms)
		EndReloadAssembly (2873ms)
			LoadAssemblies (382ms)
			RebuildTransferFunctionScriptingTraits (0ms)
			SetupTypeCache (910ms)
			ReleaseScriptCaches (3ms)
			RebuildScriptCaches (118ms)
			SetupLoadedEditorAssemblies (1150ms)
				LogAssemblyErrors (0ms)
				InitializePlatformSupportModulesInManaged (17ms)
				SetLoadedEditorAssemblies (2ms)
				RefreshPlugins (2ms)
				BeforeProcessingInitializeOnLoad (351ms)
				ProcessInitializeOnLoadAttributes (705ms)
				ProcessInitializeOnLoadMethodAttributes (37ms)
				AfterProcessingInitializeOnLoad (36ms)
				EditorAssembliesLoaded (1ms)
			ExecutionOrderSort2 (0ms)
			AwakeInstancesAfterBackupRestoration (37ms)
Platform modules already initialized, skipping
Refreshing native plugins compatible for Editor in 1.38 ms, found 3 plugins.
Preloading 0 native plugins for Editor in 0.00 ms.
Unloading 2197 Unused Serialized files (Serialized files now loaded: 0)
System memory in use before: 98.3 MB.
System memory in use after: 98.4 MB.

Unloading 19 unused Assets to reduce memory usage. Loaded Objects now: 2650.
Total: 9.438600 ms (FindLiveObjects: 0.489300 ms CreateObjectMapping: 0.256000 ms MarkObjects: 8.642400 ms  DeleteObjects: 0.047900 ms)

AssetImportParameters requested are different than current active one (requested -> active):
  custom:framework-win-MediaFoundation: 216162199b28c13a410421893ffa2e32 -> 
  custom:video-decoder-ogg-theora: a1e56fd34408186e4bbccfd4996cb3dc -> 
  custom:container-muxer-webm: aa71ff27fc2769a1b78a27578f13a17b -> 
  custom:container-demuxer-webm: 4f35f7cbe854078d1ac9338744f61a02 -> 
  custom:container-demuxer-ogg: 62fdf1f143b41e24485cea50d1cbac27 -> 
  custom:video-encoder-webm-vp8: eb34c28f22e8b96e1ab97ce403110664 -> 
  custom:video-decoder-webm-vp8: 9c59270c3fd7afecdb556c50c9e8de78 -> 
  custom:audio-decoder-ogg-vorbis: bf7c407c2cedff20999df2af8eb42d56 -> 
  custom:audio-encoder-webm-vorbis: bf7c407c2cedff20999df2af8eb42d56 -> 
========================================================================
Received Prepare
Registering precompiled user dll's ...
Registered in 0.022710 seconds.
Begin MonoManager ReloadAssembly
Symbol file data-00000273110DBF50 doesn't match image C:\Users\ehdwl\OneDrive\문서\GitHub\1-1-\1팀1기업\1팀 1기업\Library\ScriptAssemblies\Assembly-CSharp-firstpass.dll
Symbol file LoadedFromMemory is not a mono symbol file
Symbol file data-000002730D481420 doesn't match image C:\Users\ehdwl\OneDrive\문서\GitHub\1-1-\1팀1기업\1팀 1기업\Library\ScriptAssemblies\Unity.2D.Animation.Editor.dll
Symbol file LoadedFromMemory is not a mono symbol file
Symbol file data-0000027310D67500 doesn't match image C:\Users\ehdwl\OneDrive\문서\GitHub\1-1-\1팀1기업\1팀 1기업\Library\ScriptAssemblies\Unity.InternalAPIEngineBridge.001.dll
Symbol file LoadedFromMemory is not a mono symbol file
Symbol file data-000002730FEAC890 doesn't match image C:\Users\ehdwl\OneDrive\문서\GitHub\1-1-\1팀1기업\1팀 1기업\Library\ScriptAssemblies\Unity.VSCode.Editor.dll
Symbol file LoadedFromMemory is not a mono symbol file
Symbol file data-000002730BED0030 doesn't match image C:\Users\ehdwl\OneDrive\문서\GitHub\1-1-\1팀1기업\1팀 1기업\Library\ScriptAssemblies\Unity.2D.PixelPerfect.dll
Symbol file LoadedFromMemory is not a mono symbol file
Symbol file data-000002730FAAF030 doesn't match image C:\Users\ehdwl\OneDrive\문서\GitHub\1-1-\1팀1기업\1팀 1기업\Library\ScriptAssemblies\Unity.2D.Tilemap.Editor.dll
Symbol file LoadedFromMemory is not a mono symbol file
Symbol file data-0000027310B7E030 doesn't match image C:\Users\ehdwl\OneDrive\문서\GitHub\1-1-\1팀1기업\1팀 1기업\Library\ScriptAssemblies\PsdPlugin.dll
Symbol file LoadedFromMemory is not a mono symbol file
Symbol file data-000002730756F030 doesn't match image C:\Users\ehdwl\OneDrive\문서\GitHub\1-1-\1팀1기업\1팀 1기업\Library\ScriptAssemblies\Unity.TextMeshPro.Editor.dll
Symbol file LoadedFromMemory is not a mono symbol file
Symbol file data-00000273112A0A50 doesn't match image C:\Users\ehdwl\OneDrive\문서\GitHub\1-1-\1팀1기업\1팀 1기업\Library\ScriptAssemblies\Unity.VisualStudio.Editor.dll
Symbol file LoadedFromMemory is not a mono symbol file
Symbol file data-00000273116B3FD0 doesn't match image C:\Users\ehdwl\OneDrive\문서\GitHub\1-1-\1팀1기업\1팀 1기업\Library\ScriptAssemblies\UnityEngine.TestRunner.dll
Symbol file LoadedFromMemory is not a mono symbol file
Symbol file data-000002730FAAF030 doesn't match image C:\Users\ehdwl\OneDrive\문서\GitHub\1-1-\1팀1기업\1팀 1기업\Library\ScriptAssemblies\Unity.Timeline.dll
Symbol file LoadedFromMemory is not a mono symbol file
Symbol file data-000002730BD8E010 doesn't match image C:\Users\ehdwl\OneDrive\문서\GitHub\1-1-\1팀1기업\1팀 1기업\Library\ScriptAssemblies\Unity.TextMeshPro.dll
Symbol file LoadedFromMemory is not a mono symbol file
Symbol file data-0000027307AB6540 doesn't match image C:\Users\ehdwl\OneDrive\문서\GitHub\1-1-\1팀1기업\1팀 1기업\Library\ScriptAssemblies\UnityEditor.TestRunner.dll
Symbol file LoadedFromMemory is not a mono symbol file
Symbol file data-0000027311283B80 doesn't match image C:\Users\ehdwl\OneDrive\문서\GitHub\1-1-\1팀1기업\1팀 1기업\Library\ScriptAssemblies\Unity.2D.IK.Editor.dll
Symbol file LoadedFromMemory is not a mono symbol file
Symbol file data-000002730756F030 doesn't match image C:\Users\ehdwl\OneDrive\문서\GitHub\1-1-\1팀1기업\1팀 1기업\Library\ScriptAssemblies\Unity.2D.Sprite.Editor.dll
Symbol file LoadedFromMemory is not a mono symbol file
Symbol file data-00000273112A0A50 doesn't match image C:\Users\ehdwl\OneDrive\문서\GitHub\1-1-\1팀1기업\1팀 1기업\Library\ScriptAssemblies\Unity.2D.Psdimporter.Editor.dll
Symbol file LoadedFromMemory is not a mono symbol file
Symbol file data-000002730FEB8030 doesn't match image C:\Users\ehdwl\OneDrive\문서\GitHub\1-1-\1팀1기업\1팀 1기업\Library\ScriptAssemblies\Unity.2D.Path.Editor.dll
Symbol file LoadedFromMemory is not a mono symbol file
Symbol file data-000002730D169190 doesn't match image C:\Users\ehdwl\OneDrive\문서\GitHub\1-1-\1팀1기업\1팀 1기업\Library\ScriptAssemblies\Unity.InternalAPIEditorBridge.001.dll
Symbol file LoadedFromMemory is not a mono symbol file
Symbol file data-0000027311567820 doesn't match image C:\Users\ehdwl\OneDrive\문서\GitHub\1-1-\1팀1기업\1팀 1기업\Library\ScriptAssemblies\UnityEditor.UI.dll
Symbol file LoadedFromMemory is not a mono symbol file
Symbol file data-0000027311022030 doesn't match image C:\Users\ehdwl\OneDrive\문서\GitHub\1-1-\1팀1기업\1팀 1기업\Library\ScriptAssemblies\Unity.PlasticSCM.Editor.dll
Symbol file LoadedFromMemory is not a mono symbol file
Symbol file data-000002730CFEC020 doesn't match image C:\Users\ehdwl\OneDrive\문서\GitHub\1-1-\1팀1기업\1팀 1기업\Library\ScriptAssemblies\Unity.Rider.Editor.dll
Symbol file LoadedFromMemory is not a mono symbol file
Symbol file data-000002730DBD9010 doesn't match image C:\Users\ehdwl\OneDrive\문서\GitHub\1-1-\1팀1기업\1팀 1기업\Library\ScriptAssemblies\UnityEngine.UI.dll
Symbol file LoadedFromMemory is not a mono symbol file
Symbol file data-000002730C6B8010 doesn't match image C:\Users\ehdwl\OneDrive\문서\GitHub\1-1-\1팀1기업\1팀 1기업\Library\ScriptAssemblies\Unity.Mathematics.dll
Symbol file LoadedFromMemory is not a mono symbol file
Symbol file data-000002731122DF40 doesn't match image C:\Users\ehdwl\OneDrive\문서\GitHub\1-1-\1팀1기업\1팀 1기업\Library\ScriptAssemblies\Unity.2D.IK.Runtime.dll
Symbol file LoadedFromMemory is not a mono symbol file
Symbol file data-000002730CFEC020 doesn't match image C:\Users\ehdwl\OneDrive\문서\GitHub\1-1-\1팀1기업\1팀 1기업\Library\ScriptAssemblies\Unity.Services.Core.Editor.dll
Symbol file LoadedFromMemory is not a mono symbol file
Symbol file data-000002730C003020 doesn't match image C:\Users\ehdwl\OneDrive\문서\GitHub\1-1-\1팀1기업\1팀 1기업\Library\ScriptAssemblies\Unity.2D.Animation.Triangle.Runtime.dll
Symbol file LoadedFromMemory is not a mono symbol file
Symbol file data-0000027310A42040 doesn't match image C:\Users\ehdwl\OneDrive\문서\GitHub\1-1-\1팀1기업\1팀 1기업\Library\ScriptAssemblies\Unity.2D.Animation.Runtime.dll
Symbol file LoadedFromMemory is not a mono symbol file
Symbol file data-00000273112589C0 doesn't match image C:\Users\ehdwl\OneDrive\문서\GitHub\1-1-\1팀1기업\1팀 1기업\Library\ScriptAssemblies\Unity.2D.PixelPerfect.Editor.dll
Symbol file LoadedFromMemory is not a mono symbol file
Symbol file data-0000027311B28D30 doesn't match image C:\Users\ehdwl\OneDrive\문서\GitHub\1-1-\1팀1기업\1팀 1기업\Library\ScriptAssemblies\Unity.Timeline.Editor.dll
Symbol file LoadedFromMemory is not a mono symbol file
Symbol file data-0000027311409EC0 doesn't match image C:\Users\ehdwl\OneDrive\문서\GitHub\1-1-\1팀1기업\1팀 1기업\Library\ScriptAssemblies\Unity.CollabProxy.Editor.dll
Symbol file LoadedFromMemory is not a mono symbol file
Symbol file data-0000027302235C40 doesn't match image C:\Users\ehdwl\OneDrive\문서\GitHub\1-1-\1팀1기업\1팀 1기업\Library\ScriptAssemblies\Unity.Mathematics.Editor.dll
Symbol file LoadedFromMemory is not a mono symbol file
Symbol file data-000002730C88C0B0 doesn't match image C:\Users\ehdwl\OneDrive\문서\GitHub\1-1-\1팀1기업\1팀 1기업\Library\ScriptAssemblies\Unity.2D.Common.Runtime.dll
Symbol file LoadedFromMemory is not a mono symbol file
Symbol file data-00000273112A0A50 doesn't match image C:\Users\ehdwl\OneDrive\문서\GitHub\1-1-\1팀1기업\1팀 1기업\Library\ScriptAssemblies\Unity.2D.SpriteShape.Editor.dll
Symbol file LoadedFromMemory is not a mono symbol file
Symbol file data-0000027311283B80 doesn't match image C:\Users\ehdwl\OneDrive\문서\GitHub\1-1-\1팀1기업\1팀 1기업\Library\ScriptAssemblies\Unity.2D.Common.Editor.dll
Symbol file LoadedFromMemory is not a mono symbol file
Symbol file data-000002730FAAF030 doesn't match image C:\Users\ehdwl\OneDrive\문서\GitHub\1-1-\1팀1기업\1팀 1기업\Library\ScriptAssemblies\Unity.2D.SpriteShape.Runtime.dll
Symbol file LoadedFromMemory is not a mono symbol file
Native extension for WindowsStandalone target not found
Refreshing native plugins compatible for Editor in 1.21 ms, found 3 plugins.
Preloading 0 native plugins for Editor in 0.00 ms.
Mono: successfully reloaded assembly
- Completed reload, in  3.502 seconds
Domain Reload Profiling:
	ReloadAssembly (3548ms)
		BeginReloadAssembly (389ms)
			ExecutionOrderSort (0ms)
			DisableScriptedObjects (18ms)
			BackupInstance (0ms)
			ReleaseScriptingObjects (0ms)
			CreateAndSetChildDomain (85ms)
		EndReloadAssembly (2893ms)
			LoadAssemblies (466ms)
			RebuildTransferFunctionScriptingTraits (0ms)
			SetupTypeCache (897ms)
			ReleaseScriptCaches (2ms)
			RebuildScriptCaches (127ms)
			SetupLoadedEditorAssemblies (1096ms)
				LogAssemblyErrors (0ms)
				InitializePlatformSupportModulesInManaged (16ms)
				SetLoadedEditorAssemblies (1ms)
				RefreshPlugins (1ms)
				BeforeProcessingInitializeOnLoad (302ms)
				ProcessInitializeOnLoadAttributes (709ms)
				ProcessInitializeOnLoadMethodAttributes (33ms)
				AfterProcessingInitializeOnLoad (33ms)
				EditorAssembliesLoaded (0ms)
			ExecutionOrderSort2 (0ms)
			AwakeInstancesAfterBackupRestoration (27ms)
Platform modules already initialized, skipping
Refreshing native plugins compatible for Editor in 1.57 ms, found 3 plugins.
Preloading 0 native plugins for Editor in 0.00 ms.
Unloading 2198 Unused Serialized files (Serialized files now loaded: 0)
System memory in use before: 98.3 MB.
System memory in use after: 98.4 MB.

Unloading 19 unused Assets to reduce memory usage. Loaded Objects now: 2653.
Total: 7.959100 ms (FindLiveObjects: 0.363100 ms CreateObjectMapping: 0.165700 ms MarkObjects: 7.381900 ms  DeleteObjects: 0.045400 ms)

AssetImportParameters requested are different than current active one (requested -> active):
  custom:framework-win-MediaFoundation: 216162199b28c13a410421893ffa2e32 -> 
  custom:video-decoder-ogg-theora: a1e56fd34408186e4bbccfd4996cb3dc -> 
  custom:container-muxer-webm: aa71ff27fc2769a1b78a27578f13a17b -> 
  custom:container-demuxer-webm: 4f35f7cbe854078d1ac9338744f61a02 -> 
  custom:container-demuxer-ogg: 62fdf1f143b41e24485cea50d1cbac27 -> 
  custom:video-encoder-webm-vp8: eb34c28f22e8b96e1ab97ce403110664 -> 
  custom:video-decoder-webm-vp8: 9c59270c3fd7afecdb556c50c9e8de78 -> 
  custom:audio-decoder-ogg-vorbis: bf7c407c2cedff20999df2af8eb42d56 -> 
  custom:audio-encoder-webm-vorbis: bf7c407c2cedff20999df2af8eb42d56 -> 
========================================================================
Received Import Request.
  Time since last request: 95.858225 seconds.
  path: Assets/Daewoon/Script/Player_test/Player_Hero.cs
  artifactKey: Guid(3269757ba195ea248afef5503f4fd166) Importer(815301076,1909f56bfc062723c751e8b465ee728b)
Start importing Assets/Daewoon/Script/Player_test/Player_Hero.cs using Guid(3269757ba195ea248afef5503f4fd166) Importer(815301076,1909f56bfc062723c751e8b465ee728b)  -> (artifact id: '842faeb66429ba99d0e06adb200c830f') in 0.089389 seconds 
  Import took 0.099970 seconds .

========================================================================
Received Prepare
Registering precompiled user dll's ...
Registered in 0.028838 seconds.
Begin MonoManager ReloadAssembly
Symbol file data-000002730CD908A0 doesn't match image C:\Users\ehdwl\OneDrive\문서\GitHub\1-1-\1팀1기업\1팀 1기업\Library\ScriptAssemblies\Assembly-CSharp-firstpass.dll
Symbol file LoadedFromMemory is not a mono symbol file
Symbol file data-0000027307693010 doesn't match image C:\Users\ehdwl\OneDrive\문서\GitHub\1-1-\1팀1기업\1팀 1기업\Library\ScriptAssemblies\Unity.2D.Animation.Editor.dll
Symbol file LoadedFromMemory is not a mono symbol file
Symbol file data-000002730746F8C0 doesn't match image C:\Users\ehdwl\OneDrive\문서\GitHub\1-1-\1팀1기업\1팀 1기업\Library\ScriptAssemblies\Unity.InternalAPIEngineBridge.001.dll
Symbol file LoadedFromMemory is not a mono symbol file
Symbol file data-000002730EDEC890 doesn't match image C:\Users\ehdwl\OneDrive\문서\GitHub\1-1-\1팀1기업\1팀 1기업\Library\ScriptAssemblies\Unity.VSCode.Editor.dll
Symbol file LoadedFromMemory is not a mono symbol file
Symbol file data-00000273112869C0 doesn't match image C:\Users\ehdwl\OneDrive\문서\GitHub\1-1-\1팀1기업\1팀 1기업\Library\ScriptAssemblies\Unity.2D.PixelPerfect.dll
Symbol file LoadedFromMemory is not a mono symbol file
Symbol file data-00000273077D6020 doesn't match image C:\Users\ehdwl\OneDrive\문서\GitHub\1-1-\1팀1기업\1팀 1기업\Library\ScriptAssemblies\Unity.2D.Tilemap.Editor.dll
Symbol file LoadedFromMemory is not a mono symbol file
Symbol file data-0000027310B7E030 doesn't match image C:\Users\ehdwl\OneDrive\문서\GitHub\1-1-\1팀1기업\1팀 1기업\Library\ScriptAssemblies\PsdPlugin.dll
Symbol file LoadedFromMemory is not a mono symbol file
Symbol file data-000002730B90E010 doesn't match image C:\Users\ehdwl\OneDrive\문서\GitHub\1-1-\1팀1기업\1팀 1기업\Library\ScriptAssemblies\Unity.TextMeshPro.Editor.dll
Symbol file LoadedFromMemory is not a mono symbol file
Symbol file data-00000273112A0A50 doesn't match image C:\Users\ehdwl\OneDrive\문서\GitHub\1-1-\1팀1기업\1팀 1기업\Library\ScriptAssemblies\Unity.VisualStudio.Editor.dll
Symbol file LoadedFromMemory is not a mono symbol file
Symbol file data-000002731146D010 doesn't match image C:\Users\ehdwl\OneDrive\문서\GitHub\1-1-\1팀1기업\1팀 1기업\Library\ScriptAssemblies\UnityEngine.TestRunner.dll
Symbol file LoadedFromMemory is not a mono symbol file
Symbol file data-00000273077D6020 doesn't match image C:\Users\ehdwl\OneDrive\문서\GitHub\1-1-\1팀1기업\1팀 1기업\Library\ScriptAssemblies\Unity.Timeline.dll
Symbol file LoadedFromMemory is not a mono symbol file
Symbol file data-000002730FB9B010 doesn't match image C:\Users\ehdwl\OneDrive\문서\GitHub\1-1-\1팀1기업\1팀 1기업\Library\ScriptAssemblies\Unity.TextMeshPro.dll
Symbol file LoadedFromMemory is not a mono symbol file
Symbol file data-0000027307AB6540 doesn't match image C:\Users\ehdwl\OneDrive\문서\GitHub\1-1-\1팀1기업\1팀 1기업\Library\ScriptAssemblies\UnityEditor.TestRunner.dll
Symbol file LoadedFromMemory is not a mono symbol file
Symbol file data-00000272DFFB88E0 doesn't match image C:\Users\ehdwl\OneDrive\문서\GitHub\1-1-\1팀1기업\1팀 1기업\Library\ScriptAssemblies\Unity.2D.IK.Editor.dll
Symbol file LoadedFromMemory is not a mono symbol file
Symbol file data-000002730B90E010 doesn't match image C:\Users\ehdwl\OneDrive\문서\GitHub\1-1-\1팀1기업\1팀 1기업\Library\ScriptAssemblies\Unity.2D.Sprite.Editor.dll
Symbol file LoadedFromMemory is not a mono symbol file
Symbol file data-00000273112A0A50 doesn't match image C:\Users\ehdwl\OneDrive\문서\GitHub\1-1-\1팀1기업\1팀 1기업\Library\ScriptAssemblies\Unity.2D.Psdimporter.Editor.dll
Symbol file LoadedFromMemory is not a mono symbol file
Symbol file data-000002730FEB8030 doesn't match image C:\Users\ehdwl\OneDrive\문서\GitHub\1-1-\1팀1기업\1팀 1기업\Library\ScriptAssemblies\Unity.2D.Path.Editor.dll
Symbol file LoadedFromMemory is not a mono symbol file
Symbol file data-000002730F0CA190 doesn't match image C:\Users\ehdwl\OneDrive\문서\GitHub\1-1-\1팀1기업\1팀 1기업\Library\ScriptAssemblies\Unity.InternalAPIEditorBridge.001.dll
Symbol file LoadedFromMemory is not a mono symbol file
Symbol file data-00000273112A0A50 doesn't match image C:\Users\ehdwl\OneDrive\문서\GitHub\1-1-\1팀1기업\1팀 1기업\Library\ScriptAssemblies\UnityEditor.UI.dll
Symbol file LoadedFromMemory is not a mono symbol file
Symbol file data-0000027307693010 doesn't match image C:\Users\ehdwl\OneDrive\문서\GitHub\1-1-\1팀1기업\1팀 1기업\Library\ScriptAssemblies\Unity.PlasticSCM.Editor.dll
Symbol file LoadedFromMemory is not a mono symbol file
Symbol file data-000002730C886040 doesn't match image C:\Users\ehdwl\OneDrive\문서\GitHub\1-1-\1팀1기업\1팀 1기업\Library\ScriptAssemblies\Unity.Rider.Editor.dll
Symbol file LoadedFromMemory is not a mono symbol file
Symbol file data-000002730DBD9010 doesn't match image C:\Users\ehdwl\OneDrive\문서\GitHub\1-1-\1팀1기업\1팀 1기업\Library\ScriptAssemblies\UnityEngine.UI.dll
Symbol file LoadedFromMemory is not a mono symbol file
Symbol file data-000002730C6B8010 doesn't match image C:\Users\ehdwl\OneDrive\문서\GitHub\1-1-\1팀1기업\1팀 1기업\Library\ScriptAssemblies\Unity.Mathematics.dll
Symbol file LoadedFromMemory is not a mono symbol file
Symbol file data-00000273104DA440 doesn't match image C:\Users\ehdwl\OneDrive\문서\GitHub\1-1-\1팀1기업\1팀 1기업\Library\ScriptAssemblies\Unity.2D.IK.Runtime.dll
Symbol file LoadedFromMemory is not a mono symbol file
Symbol file data-000002730C886040 doesn't match image C:\Users\ehdwl\OneDrive\문서\GitHub\1-1-\1팀1기업\1팀 1기업\Library\ScriptAssemblies\Unity.Services.Core.Editor.dll
Symbol file LoadedFromMemory is not a mono symbol file
Symbol file data-000002730C003020 doesn't match image C:\Users\ehdwl\OneDrive\문서\GitHub\1-1-\1팀1기업\1팀 1기업\Library\ScriptAssemblies\Unity.2D.Animation.Triangle.Runtime.dll
Symbol file LoadedFromMemory is not a mono symbol file
Symbol file data-0000027311411ED0 doesn't match image C:\Users\ehdwl\OneDrive\문서\GitHub\1-1-\1팀1기업\1팀 1기업\Library\ScriptAssemblies\Unity.2D.Animation.Runtime.dll
Symbol file LoadedFromMemory is not a mono symbol file
Symbol file data-00000273112589C0 doesn't match image C:\Users\ehdwl\OneDrive\문서\GitHub\1-1-\1팀1기업\1팀 1기업\Library\ScriptAssemblies\Unity.2D.PixelPerfect.Editor.dll
Symbol file LoadedFromMemory is not a mono symbol file
Symbol file data-0000027311588790 doesn't match image C:\Users\ehdwl\OneDrive\문서\GitHub\1-1-\1팀1기업\1팀 1기업\Library\ScriptAssemblies\Unity.Timeline.Editor.dll
Symbol file LoadedFromMemory is not a mono symbol file
Symbol file data-000002731146D010 doesn't match image C:\Users\ehdwl\OneDrive\문서\GitHub\1-1-\1팀1기업\1팀 1기업\Library\ScriptAssemblies\Unity.CollabProxy.Editor.dll
Symbol file LoadedFromMemory is not a mono symbol file
Symbol file data-0000027302235C40 doesn't match image C:\Users\ehdwl\OneDrive\문서\GitHub\1-1-\1팀1기업\1팀 1기업\Library\ScriptAssemblies\Unity.Mathematics.Editor.dll
Symbol file LoadedFromMemory is not a mono symbol file
Symbol file data-000002730C88CA10 doesn't match image C:\Users\ehdwl\OneDrive\문서\GitHub\1-1-\1팀1기업\1팀 1기업\Library\ScriptAssemblies\Unity.2D.Common.Runtime.dll
Symbol file LoadedFromMemory is not a mono symbol file
Symbol file data-00000273112A0A50 doesn't match image C:\Users\ehdwl\OneDrive\문서\GitHub\1-1-\1팀1기업\1팀 1기업\Library\ScriptAssemblies\Unity.2D.SpriteShape.Editor.dll
Symbol file LoadedFromMemory is not a mono symbol file
Symbol file data-00000272DFFB88E0 doesn't match image C:\Users\ehdwl\OneDrive\문서\GitHub\1-1-\1팀1기업\1팀 1기업\Library\ScriptAssemblies\Unity.2D.Common.Editor.dll
Symbol file LoadedFromMemory is not a mono symbol file
Symbol file data-00000273105CD030 doesn't match image C:\Users\ehdwl\OneDrive\문서\GitHub\1-1-\1팀1기업\1팀 1기업\Library\ScriptAssemblies\Unity.2D.SpriteShape.Runtime.dll
Symbol file LoadedFromMemory is not a mono symbol file
Native extension for WindowsStandalone target not found
Refreshing native plugins compatible for Editor in 1.16 ms, found 3 plugins.
Preloading 0 native plugins for Editor in 0.00 ms.
Mono: successfully reloaded assembly
- Completed reload, in  3.703 seconds
Domain Reload Profiling:
	ReloadAssembly (3705ms)
		BeginReloadAssembly (394ms)
			ExecutionOrderSort (0ms)
			DisableScriptedObjects (18ms)
			BackupInstance (0ms)
			ReleaseScriptingObjects (0ms)
			CreateAndSetChildDomain (106ms)
		EndReloadAssembly (3100ms)
			LoadAssemblies (378ms)
			RebuildTransferFunctionScriptingTraits (0ms)
			SetupTypeCache (1076ms)
			ReleaseScriptCaches (3ms)
			RebuildScriptCaches (143ms)
			SetupLoadedEditorAssemblies (1114ms)
				LogAssemblyErrors (0ms)
				InitializePlatformSupportModulesInManaged (23ms)
				SetLoadedEditorAssemblies (3ms)
				RefreshPlugins (1ms)
				BeforeProcessingInitializeOnLoad (323ms)
				ProcessInitializeOnLoadAttributes (683ms)
				ProcessInitializeOnLoadMethodAttributes (43ms)
				AfterProcessingInitializeOnLoad (38ms)
				EditorAssembliesLoaded (1ms)
			ExecutionOrderSort2 (0ms)
			AwakeInstancesAfterBackupRestoration (35ms)
Platform modules already initialized, skipping
Refreshing native plugins compatible for Editor in 1.18 ms, found 3 plugins.
Preloading 0 native plugins for Editor in 0.00 ms.
Unloading 2198 Unused Serialized files (Serialized files now loaded: 0)
System memory in use before: 98.3 MB.
System memory in use after: 98.4 MB.

Unloading 19 unused Assets to reduce memory usage. Loaded Objects now: 2655.
Total: 14.561800 ms (FindLiveObjects: 0.413500 ms CreateObjectMapping: 0.239200 ms MarkObjects: 13.834500 ms  DeleteObjects: 0.071200 ms)

AssetImportParameters requested are different than current active one (requested -> active):
  custom:framework-win-MediaFoundation: 216162199b28c13a410421893ffa2e32 -> 
  custom:video-decoder-ogg-theora: a1e56fd34408186e4bbccfd4996cb3dc -> 
  custom:container-muxer-webm: aa71ff27fc2769a1b78a27578f13a17b -> 
  custom:container-demuxer-webm: 4f35f7cbe854078d1ac9338744f61a02 -> 
  custom:container-demuxer-ogg: 62fdf1f143b41e24485cea50d1cbac27 -> 
  custom:video-encoder-webm-vp8: eb34c28f22e8b96e1ab97ce403110664 -> 
  custom:video-decoder-webm-vp8: 9c59270c3fd7afecdb556c50c9e8de78 -> 
  custom:audio-decoder-ogg-vorbis: bf7c407c2cedff20999df2af8eb42d56 -> 
  custom:audio-encoder-webm-vorbis: bf7c407c2cedff20999df2af8eb42d56 -> 
========================================================================
Received Prepare
Registering precompiled user dll's ...
Registered in 0.025595 seconds.
Begin MonoManager ReloadAssembly
Symbol file data-0000027311175020 doesn't match image C:\Users\ehdwl\OneDrive\문서\GitHub\1-1-\1팀1기업\1팀 1기업\Library\ScriptAssemblies\Assembly-CSharp-firstpass.dll
Symbol file LoadedFromMemory is not a mono symbol file
Symbol file data-000002730F888070 doesn't match image C:\Users\ehdwl\OneDrive\문서\GitHub\1-1-\1팀1기업\1팀 1기업\Library\ScriptAssemblies\Unity.2D.Animation.Editor.dll
Symbol file LoadedFromMemory is not a mono symbol file
Symbol file data-0000027307470400 doesn't match image C:\Users\ehdwl\OneDrive\문서\GitHub\1-1-\1팀1기업\1팀 1기업\Library\ScriptAssemblies\Unity.InternalAPIEngineBridge.001.dll
Symbol file LoadedFromMemory is not a mono symbol file
Symbol file data-00000273115E6380 doesn't match image C:\Users\ehdwl\OneDrive\문서\GitHub\1-1-\1팀1기업\1팀 1기업\Library\ScriptAssemblies\Unity.VSCode.Editor.dll
Symbol file LoadedFromMemory is not a mono symbol file
Symbol file data-0000027311E94130 doesn't match image C:\Users\ehdwl\OneDrive\문서\GitHub\1-1-\1팀1기업\1팀 1기업\Library\ScriptAssemblies\Unity.2D.PixelPerfect.dll
Symbol file LoadedFromMemory is not a mono symbol file
Symbol file data-00000273077D6020 doesn't match image C:\Users\ehdwl\OneDrive\문서\GitHub\1-1-\1팀1기업\1팀 1기업\Library\ScriptAssemblies\Unity.2D.Tilemap.Editor.dll
Symbol file LoadedFromMemory is not a mono symbol file
Symbol file data-000002730CDD5010 doesn't match image C:\Users\ehdwl\OneDrive\문서\GitHub\1-1-\1팀1기업\1팀 1기업\Library\ScriptAssemblies\PsdPlugin.dll
Symbol file LoadedFromMemory is not a mono symbol file
Symbol file data-000002730B90E010 doesn't match image C:\Users\ehdwl\OneDrive\문서\GitHub\1-1-\1팀1기업\1팀 1기업\Library\ScriptAssemblies\Unity.TextMeshPro.Editor.dll
Symbol file LoadedFromMemory is not a mono symbol file
Symbol file data-00000273112A0A50 doesn't match image C:\Users\ehdwl\OneDrive\문서\GitHub\1-1-\1팀1기업\1팀 1기업\Library\ScriptAssemblies\Unity.VisualStudio.Editor.dll
Symbol file LoadedFromMemory is not a mono symbol file
Symbol file data-000002731161D340 doesn't match image C:\Users\ehdwl\OneDrive\문서\GitHub\1-1-\1팀1기업\1팀 1기업\Library\ScriptAssemblies\UnityEngine.TestRunner.dll
Symbol file LoadedFromMemory is not a mono symbol file
Symbol file data-00000273077D6020 doesn't match image C:\Users\ehdwl\OneDrive\문서\GitHub\1-1-\1팀1기업\1팀 1기업\Library\ScriptAssemblies\Unity.Timeline.dll
Symbol file LoadedFromMemory is not a mono symbol file
Symbol file data-000002730FB9B010 doesn't match image C:\Users\ehdwl\OneDrive\문서\GitHub\1-1-\1팀1기업\1팀 1기업\Library\ScriptAssemblies\Unity.TextMeshPro.dll
Symbol file LoadedFromMemory is not a mono symbol file
Symbol file data-0000027307AB6540 doesn't match image C:\Users\ehdwl\OneDrive\문서\GitHub\1-1-\1팀1기업\1팀 1기업\Library\ScriptAssemblies\UnityEditor.TestRunner.dll
Symbol file LoadedFromMemory is not a mono symbol file
Symbol file data-00000272DFFB88E0 doesn't match image C:\Users\ehdwl\OneDrive\문서\GitHub\1-1-\1팀1기업\1팀 1기업\Library\ScriptAssemblies\Unity.2D.IK.Editor.dll
Symbol file LoadedFromMemory is not a mono symbol file
Symbol file data-0000027310D55010 doesn't match image C:\Users\ehdwl\OneDrive\문서\GitHub\1-1-\1팀1기업\1팀 1기업\Library\ScriptAssemblies\Unity.2D.Sprite.Editor.dll
Symbol file LoadedFromMemory is not a mono symbol file
Symbol file data-00000273112A0A50 doesn't match image C:\Users\ehdwl\OneDrive\문서\GitHub\1-1-\1팀1기업\1팀 1기업\Library\ScriptAssemblies\Unity.2D.Psdimporter.Editor.dll
Symbol file LoadedFromMemory is not a mono symbol file
Symbol file data-000002730FEB8030 doesn't match image C:\Users\ehdwl\OneDrive\문서\GitHub\1-1-\1팀1기업\1팀 1기업\Library\ScriptAssemblies\Unity.2D.Path.Editor.dll
Symbol file LoadedFromMemory is not a mono symbol file
Symbol file data-000002730D3778E0 doesn't match image C:\Users\ehdwl\OneDrive\문서\GitHub\1-1-\1팀1기업\1팀 1기업\Library\ScriptAssemblies\Unity.InternalAPIEditorBridge.001.dll
Symbol file LoadedFromMemory is not a mono symbol file
Symbol file data-00000273112A0A50 doesn't match image C:\Users\ehdwl\OneDrive\문서\GitHub\1-1-\1팀1기업\1팀 1기업\Library\ScriptAssemblies\UnityEditor.UI.dll
Symbol file LoadedFromMemory is not a mono symbol file
Symbol file data-000002730F888070 doesn't match image C:\Users\ehdwl\OneDrive\문서\GitHub\1-1-\1팀1기업\1팀 1기업\Library\ScriptAssemblies\Unity.PlasticSCM.Editor.dll
Symbol file LoadedFromMemory is not a mono symbol file
Symbol file data-0000027310BD5020 doesn't match image C:\Users\ehdwl\OneDrive\문서\GitHub\1-1-\1팀1기업\1팀 1기업\Library\ScriptAssemblies\Unity.Rider.Editor.dll
Symbol file LoadedFromMemory is not a mono symbol file
Symbol file data-000002730DBD9010 doesn't match image C:\Users\ehdwl\OneDrive\문서\GitHub\1-1-\1팀1기업\1팀 1기업\Library\ScriptAssemblies\UnityEngine.UI.dll
Symbol file LoadedFromMemory is not a mono symbol file
Symbol file data-00000273327A5020 doesn't match image C:\Users\ehdwl\OneDrive\문서\GitHub\1-1-\1팀1기업\1팀 1기업\Library\ScriptAssemblies\Unity.Mathematics.dll
Symbol file LoadedFromMemory is not a mono symbol file
Symbol file data-00000273104DA440 doesn't match image C:\Users\ehdwl\OneDrive\문서\GitHub\1-1-\1팀1기업\1팀 1기업\Library\ScriptAssemblies\Unity.2D.IK.Runtime.dll
Symbol file LoadedFromMemory is not a mono symbol file
Symbol file data-0000027310190030 doesn't match image C:\Users\ehdwl\OneDrive\문서\GitHub\1-1-\1팀1기업\1팀 1기업\Library\ScriptAssemblies\Unity.Services.Core.Editor.dll
Symbol file LoadedFromMemory is not a mono symbol file
Symbol file data-000002730C003020 doesn't match image C:\Users\ehdwl\OneDrive\문서\GitHub\1-1-\1팀1기업\1팀 1기업\Library\ScriptAssemblies\Unity.2D.Animation.Triangle.Runtime.dll
Symbol file LoadedFromMemory is not a mono symbol file
Symbol file data-000002730D7FF020 doesn't match image C:\Users\ehdwl\OneDrive\문서\GitHub\1-1-\1팀1기업\1팀 1기업\Library\ScriptAssemblies\Unity.2D.Animation.Runtime.dll
Symbol file LoadedFromMemory is not a mono symbol file
Symbol file data-00000273112592D0 doesn't match image C:\Users\ehdwl\OneDrive\문서\GitHub\1-1-\1팀1기업\1팀 1기업\Library\ScriptAssemblies\Unity.2D.PixelPerfect.Editor.dll
Symbol file LoadedFromMemory is not a mono symbol file
Symbol file data-0000027311362D50 doesn't match image C:\Users\ehdwl\OneDrive\문서\GitHub\1-1-\1팀1기업\1팀 1기업\Library\ScriptAssemblies\Unity.Timeline.Editor.dll
Symbol file LoadedFromMemory is not a mono symbol file
Symbol file data-000002730FAAF030 doesn't match image C:\Users\ehdwl\OneDrive\문서\GitHub\1-1-\1팀1기업\1팀 1기업\Library\ScriptAssemblies\Unity.CollabProxy.Editor.dll
Symbol file LoadedFromMemory is not a mono symbol file
Symbol file data-0000027302235C40 doesn't match image C:\Users\ehdwl\OneDrive\문서\GitHub\1-1-\1팀1기업\1팀 1기업\Library\ScriptAssemblies\Unity.Mathematics.Editor.dll
Symbol file LoadedFromMemory is not a mono symbol file
Symbol file data-000002730C88C650 doesn't match image C:\Users\ehdwl\OneDrive\문서\GitHub\1-1-\1팀1기업\1팀 1기업\Library\ScriptAssemblies\Unity.2D.Common.Runtime.dll
Symbol file LoadedFromMemory is not a mono symbol file
Symbol file data-00000273112A0A50 doesn't match image C:\Users\ehdwl\OneDrive\문서\GitHub\1-1-\1팀1기업\1팀 1기업\Library\ScriptAssemblies\Unity.2D.SpriteShape.Editor.dll
Symbol file LoadedFromMemory is not a mono symbol file
Symbol file data-00000272DFFB88E0 doesn't match image C:\Users\ehdwl\OneDrive\문서\GitHub\1-1-\1팀1기업\1팀 1기업\Library\ScriptAssemblies\Unity.2D.Common.Editor.dll
Symbol file LoadedFromMemory is not a mono symbol file
Symbol file data-00000273105CD030 doesn't match image C:\Users\ehdwl\OneDrive\문서\GitHub\1-1-\1팀1기업\1팀 1기업\Library\ScriptAssemblies\Unity.2D.SpriteShape.Runtime.dll
Symbol file LoadedFromMemory is not a mono symbol file
Native extension for WindowsStandalone target not found
Refreshing native plugins compatible for Editor in 1.17 ms, found 3 plugins.
Preloading 0 native plugins for Editor in 0.00 ms.
Mono: successfully reloaded assembly
- Completed reload, in  3.497 seconds
Domain Reload Profiling:
	ReloadAssembly (3498ms)
		BeginReloadAssembly (341ms)
			ExecutionOrderSort (0ms)
			DisableScriptedObjects (23ms)
			BackupInstance (0ms)
			ReleaseScriptingObjects (0ms)
			CreateAndSetChildDomain (82ms)
		EndReloadAssembly (2939ms)
			LoadAssemblies (316ms)
			RebuildTransferFunctionScriptingTraits (0ms)
			SetupTypeCache (952ms)
			ReleaseScriptCaches (3ms)
			RebuildScriptCaches (159ms)
			SetupLoadedEditorAssemblies (1136ms)
				LogAssemblyErrors (0ms)
				InitializePlatformSupportModulesInManaged (24ms)
				SetLoadedEditorAssemblies (2ms)
				RefreshPlugins (1ms)
				BeforeProcessingInitializeOnLoad (334ms)
				ProcessInitializeOnLoadAttributes (706ms)
				ProcessInitializeOnLoadMethodAttributes (34ms)
				AfterProcessingInitializeOnLoad (35ms)
				EditorAssembliesLoaded (0ms)
			ExecutionOrderSort2 (0ms)
			AwakeInstancesAfterBackupRestoration (32ms)
Platform modules already initialized, skipping
Refreshing native plugins compatible for Editor in 1.12 ms, found 3 plugins.
Preloading 0 native plugins for Editor in 0.00 ms.
Unloading 2198 Unused Serialized files (Serialized files now loaded: 0)
System memory in use before: 98.3 MB.
System memory in use after: 98.5 MB.

Unloading 19 unused Assets to reduce memory usage. Loaded Objects now: 2657.
Total: 10.441300 ms (FindLiveObjects: 0.409300 ms CreateObjectMapping: 0.393200 ms MarkObjects: 9.579800 ms  DeleteObjects: 0.055600 ms)

AssetImportParameters requested are different than current active one (requested -> active):
  custom:framework-win-MediaFoundation: 216162199b28c13a410421893ffa2e32 -> 
  custom:video-decoder-ogg-theora: a1e56fd34408186e4bbccfd4996cb3dc -> 
  custom:container-muxer-webm: aa71ff27fc2769a1b78a27578f13a17b -> 
  custom:container-demuxer-webm: 4f35f7cbe854078d1ac9338744f61a02 -> 
  custom:container-demuxer-ogg: 62fdf1f143b41e24485cea50d1cbac27 -> 
  custom:video-encoder-webm-vp8: eb34c28f22e8b96e1ab97ce403110664 -> 
  custom:video-decoder-webm-vp8: 9c59270c3fd7afecdb556c50c9e8de78 -> 
  custom:audio-decoder-ogg-vorbis: bf7c407c2cedff20999df2af8eb42d56 -> 
  custom:audio-encoder-webm-vorbis: bf7c407c2cedff20999df2af8eb42d56 -> 
========================================================================
Received Prepare
Registering precompiled user dll's ...
Registered in 0.037085 seconds.
Begin MonoManager ReloadAssembly
Symbol file data-000002730FCF7020 doesn't match image C:\Users\ehdwl\OneDrive\문서\GitHub\1-1-\1팀1기업\1팀 1기업\Library\ScriptAssemblies\Assembly-CSharp-firstpass.dll
Symbol file LoadedFromMemory is not a mono symbol file
Symbol file data-000002730D481420 doesn't match image C:\Users\ehdwl\OneDrive\문서\GitHub\1-1-\1팀1기업\1팀 1기업\Library\ScriptAssemblies\Unity.2D.Animation.Editor.dll
Symbol file LoadedFromMemory is not a mono symbol file
Symbol file data-000002730746FC80 doesn't match image C:\Users\ehdwl\OneDrive\문서\GitHub\1-1-\1팀1기업\1팀 1기업\Library\ScriptAssemblies\Unity.InternalAPIEngineBridge.001.dll
Symbol file LoadedFromMemory is not a mono symbol file
Symbol file data-000002730EF178D0 doesn't match image C:\Users\ehdwl\OneDrive\문서\GitHub\1-1-\1팀1기업\1팀 1기업\Library\ScriptAssemblies\Unity.VSCode.Editor.dll
Symbol file LoadedFromMemory is not a mono symbol file
Symbol file data-000002730DBB6320 doesn't match image C:\Users\ehdwl\OneDrive\문서\GitHub\1-1-\1팀1기업\1팀 1기업\Library\ScriptAssemblies\Unity.2D.PixelPerfect.dll
Symbol file LoadedFromMemory is not a mono symbol file
Symbol file data-000002730FAAF030 doesn't match image C:\Users\ehdwl\OneDrive\문서\GitHub\1-1-\1팀1기업\1팀 1기업\Library\ScriptAssemblies\Unity.2D.Tilemap.Editor.dll
Symbol file LoadedFromMemory is not a mono symbol file
Symbol file data-000002731151BF90 doesn't match image C:\Users\ehdwl\OneDrive\문서\GitHub\1-1-\1팀1기업\1팀 1기업\Library\ScriptAssemblies\PsdPlugin.dll
Symbol file LoadedFromMemory is not a mono symbol file
Symbol file data-000002730B90E010 doesn't match image C:\Users\ehdwl\OneDrive\문서\GitHub\1-1-\1팀1기업\1팀 1기업\Library\ScriptAssemblies\Unity.TextMeshPro.Editor.dll
Symbol file LoadedFromMemory is not a mono symbol file
Symbol file data-00000273112A0A50 doesn't match image C:\Users\ehdwl\OneDrive\문서\GitHub\1-1-\1팀1기업\1팀 1기업\Library\ScriptAssemblies\Unity.VisualStudio.Editor.dll
Symbol file LoadedFromMemory is not a mono symbol file
Symbol file data-0000027311409EC0 doesn't match image C:\Users\ehdwl\OneDrive\문서\GitHub\1-1-\1팀1기업\1팀 1기업\Library\ScriptAssemblies\UnityEngine.TestRunner.dll
Symbol file LoadedFromMemory is not a mono symbol file
Symbol file data-000002730FAAF030 doesn't match image C:\Users\ehdwl\OneDrive\문서\GitHub\1-1-\1팀1기업\1팀 1기업\Library\ScriptAssemblies\Unity.Timeline.dll
Symbol file LoadedFromMemory is not a mono symbol file
Symbol file data-000002731125EF70 doesn't match image C:\Users\ehdwl\OneDrive\문서\GitHub\1-1-\1팀1기업\1팀 1기업\Library\ScriptAssemblies\Unity.TextMeshPro.dll
Symbol file LoadedFromMemory is not a mono symbol file
Symbol file data-0000027307AB6540 doesn't match image C:\Users\ehdwl\OneDrive\문서\GitHub\1-1-\1팀1기업\1팀 1기업\Library\ScriptAssemblies\UnityEditor.TestRunner.dll
Symbol file LoadedFromMemory is not a mono symbol file
Symbol file data-00000273112F9080 doesn't match image C:\Users\ehdwl\OneDrive\문서\GitHub\1-1-\1팀1기업\1팀 1기업\Library\ScriptAssemblies\Unity.2D.IK.Editor.dll
Symbol file LoadedFromMemory is not a mono symbol file
Symbol file data-000002730B90E010 doesn't match image C:\Users\ehdwl\OneDrive\문서\GitHub\1-1-\1팀1기업\1팀 1기업\Library\ScriptAssemblies\Unity.2D.Sprite.Editor.dll
Symbol file LoadedFromMemory is not a mono symbol file
Symbol file data-00000273112A0A50 doesn't match image C:\Users\ehdwl\OneDrive\문서\GitHub\1-1-\1팀1기업\1팀 1기업\Library\ScriptAssemblies\Unity.2D.Psdimporter.Editor.dll
Symbol file LoadedFromMemory is not a mono symbol file
Symbol file data-000002730FEB8030 doesn't match image C:\Users\ehdwl\OneDrive\문서\GitHub\1-1-\1팀1기업\1팀 1기업\Library\ScriptAssemblies\Unity.2D.Path.Editor.dll
Symbol file LoadedFromMemory is not a mono symbol file
Symbol file data-000002730F472680 doesn't match image C:\Users\ehdwl\OneDrive\문서\GitHub\1-1-\1팀1기업\1팀 1기업\Library\ScriptAssemblies\Unity.InternalAPIEditorBridge.001.dll
Symbol file LoadedFromMemory is not a mono symbol file
Symbol file data-00000273114C4020 doesn't match image C:\Users\ehdwl\OneDrive\문서\GitHub\1-1-\1팀1기업\1팀 1기업\Library\ScriptAssemblies\UnityEditor.UI.dll
Symbol file LoadedFromMemory is not a mono symbol file
Symbol file data-000002730BE9F010 doesn't match image C:\Users\ehdwl\OneDrive\문서\GitHub\1-1-\1팀1기업\1팀 1기업\Library\ScriptAssemblies\Unity.PlasticSCM.Editor.dll
Symbol file LoadedFromMemory is not a mono symbol file
Symbol file data-000002730BC4E020 doesn't match image C:\Users\ehdwl\OneDrive\문서\GitHub\1-1-\1팀1기업\1팀 1기업\Library\ScriptAssemblies\Unity.Rider.Editor.dll
Symbol file LoadedFromMemory is not a mono symbol file
Symbol file data-0000027311588790 doesn't match image C:\Users\ehdwl\OneDrive\문서\GitHub\1-1-\1팀1기업\1팀 1기업\Library\ScriptAssemblies\UnityEngine.UI.dll
Symbol file LoadedFromMemory is not a mono symbol file
Symbol file data-000002730C6B8010 doesn't match image C:\Users\ehdwl\OneDrive\문서\GitHub\1-1-\1팀1기업\1팀 1기업\Library\ScriptAssemblies\Unity.Mathematics.dll
Symbol file LoadedFromMemory is not a mono symbol file
Symbol file data-0000027307536030 doesn't match image C:\Users\ehdwl\OneDrive\문서\GitHub\1-1-\1팀1기업\1팀 1기업\Library\ScriptAssemblies\Unity.2D.IK.Runtime.dll
Symbol file LoadedFromMemory is not a mono symbol file
Symbol file data-000002730BC4E020 doesn't match image C:\Users\ehdwl\OneDrive\문서\GitHub\1-1-\1팀1기업\1팀 1기업\Library\ScriptAssemblies\Unity.Services.Core.Editor.dll
Symbol file LoadedFromMemory is not a mono symbol file
Symbol file data-0000027311588790 doesn't match image C:\Users\ehdwl\OneDrive\문서\GitHub\1-1-\1팀1기업\1팀 1기업\Library\ScriptAssemblies\Unity.2D.Animation.Triangle.Runtime.dll
Symbol file LoadedFromMemory is not a mono symbol file
Symbol file data-000002730EF9E010 doesn't match image C:\Users\ehdwl\OneDrive\문서\GitHub\1-1-\1팀1기업\1팀 1기업\Library\ScriptAssemblies\Unity.2D.Animation.Runtime.dll
Symbol file LoadedFromMemory is not a mono symbol file
Symbol file data-000002731125A4F0 doesn't match image C:\Users\ehdwl\OneDrive\문서\GitHub\1-1-\1팀1기업\1팀 1기업\Library\ScriptAssemblies\Unity.2D.PixelPerfect.Editor.dll
Symbol file LoadedFromMemory is not a mono symbol file
Symbol file data-000002730FFC4040 doesn't match image C:\Users\ehdwl\OneDrive\문서\GitHub\1-1-\1팀1기업\1팀 1기업\Library\ScriptAssemblies\Unity.Timeline.Editor.dll
Symbol file LoadedFromMemory is not a mono symbol file
Symbol file data-0000027311409EC0 doesn't match image C:\Users\ehdwl\OneDrive\문서\GitHub\1-1-\1팀1기업\1팀 1기업\Library\ScriptAssemblies\Unity.CollabProxy.Editor.dll
Symbol file LoadedFromMemory is not a mono symbol file
Symbol file data-0000027302235C40 doesn't match image C:\Users\ehdwl\OneDrive\문서\GitHub\1-1-\1팀1기업\1팀 1기업\Library\ScriptAssemblies\Unity.Mathematics.Editor.dll
Symbol file LoadedFromMemory is not a mono symbol file
Symbol file data-000002730C88C650 doesn't match image C:\Users\ehdwl\OneDrive\문서\GitHub\1-1-\1팀1기업\1팀 1기업\Library\ScriptAssemblies\Unity.2D.Common.Runtime.dll
Symbol file LoadedFromMemory is not a mono symbol file
Symbol file data-00000273112A0A50 doesn't match image C:\Users\ehdwl\OneDrive\문서\GitHub\1-1-\1팀1기업\1팀 1기업\Library\ScriptAssemblies\Unity.2D.SpriteShape.Editor.dll
Symbol file LoadedFromMemory is not a mono symbol file
Symbol file data-00000272DFFB88E0 doesn't match image C:\Users\ehdwl\OneDrive\문서\GitHub\1-1-\1팀1기업\1팀 1기업\Library\ScriptAssemblies\Unity.2D.Common.Editor.dll
Symbol file LoadedFromMemory is not a mono symbol file
Symbol file data-00000273116B2F10 doesn't match image C:\Users\ehdwl\OneDrive\문서\GitHub\1-1-\1팀1기업\1팀 1기업\Library\ScriptAssemblies\Unity.2D.SpriteShape.Runtime.dll
Symbol file LoadedFromMemory is not a mono symbol file
Native extension for WindowsStandalone target not found
Refreshing native plugins compatible for Editor in 1.77 ms, found 3 plugins.
Preloading 0 native plugins for Editor in 0.00 ms.
Mono: successfully reloaded assembly
- Completed reload, in  3.347 seconds
Domain Reload Profiling:
	ReloadAssembly (3348ms)
		BeginReloadAssembly (370ms)
			ExecutionOrderSort (0ms)
			DisableScriptedObjects (25ms)
			BackupInstance (0ms)
			ReleaseScriptingObjects (0ms)
			CreateAndSetChildDomain (91ms)
		EndReloadAssembly (2762ms)
			LoadAssemblies (371ms)
			RebuildTransferFunctionScriptingTraits (0ms)
			SetupTypeCache (874ms)
			ReleaseScriptCaches (2ms)
			RebuildScriptCaches (122ms)
			SetupLoadedEditorAssemblies (1081ms)
				LogAssemblyErrors (0ms)
				InitializePlatformSupportModulesInManaged (16ms)
				SetLoadedEditorAssemblies (2ms)
				RefreshPlugins (2ms)
				BeforeProcessingInitializeOnLoad (314ms)
				ProcessInitializeOnLoadAttributes (683ms)
				ProcessInitializeOnLoadMethodAttributes (34ms)
				AfterProcessingInitializeOnLoad (30ms)
				EditorAssembliesLoaded (0ms)
			ExecutionOrderSort2 (0ms)
			AwakeInstancesAfterBackupRestoration (31ms)
Platform modules already initialized, skipping
Refreshing native plugins compatible for Editor in 1.68 ms, found 3 plugins.
Preloading 0 native plugins for Editor in 0.00 ms.
Unloading 2198 Unused Serialized files (Serialized files now loaded: 0)
System memory in use before: 98.3 MB.
System memory in use after: 98.5 MB.

Unloading 19 unused Assets to reduce memory usage. Loaded Objects now: 2659.
Total: 8.443800 ms (FindLiveObjects: 0.388600 ms CreateObjectMapping: 0.167300 ms MarkObjects: 7.837800 ms  DeleteObjects: 0.047200 ms)

AssetImportParameters requested are different than current active one (requested -> active):
  custom:framework-win-MediaFoundation: 216162199b28c13a410421893ffa2e32 -> 
  custom:video-decoder-ogg-theora: a1e56fd34408186e4bbccfd4996cb3dc -> 
  custom:container-muxer-webm: aa71ff27fc2769a1b78a27578f13a17b -> 
  custom:container-demuxer-webm: 4f35f7cbe854078d1ac9338744f61a02 -> 
  custom:container-demuxer-ogg: 62fdf1f143b41e24485cea50d1cbac27 -> 
  custom:video-encoder-webm-vp8: eb34c28f22e8b96e1ab97ce403110664 -> 
  custom:video-decoder-webm-vp8: 9c59270c3fd7afecdb556c50c9e8de78 -> 
  custom:audio-decoder-ogg-vorbis: bf7c407c2cedff20999df2af8eb42d56 -> 
  custom:audio-encoder-webm-vorbis: bf7c407c2cedff20999df2af8eb42d56 -> 
AssetImportWorkerClient::OnTransportError - code=2 error=End of file
