Using pre-set license
Built from '2020.3/staging' branch; Version is '2020.3.21f1 (a38c86f6690f) revision 10718342'; Using compiler version '192528614'; Build Type 'Release'
OS: 'Windows 10 Pro; OS build 19044.1415; Version 2009; 64bit' Language: 'ko' Physical Memory: 15724 MB
BatchMode: 1, IsHumanControllingUs: 0, StartBugReporterOnCrash: 0, Is64bit: 1, IsPro: 0

COMMAND LINE ARGUMENTS:
C:\Program Files\Unity\Hub\Editor\2020.3.21f1\Editor\Unity.exe
-adb2
-batchMode
-noUpm
-name
AssetImportWorker2
-projectPath
C:/Users/ehdwl/OneDrive/문서/GitHub/1-1-/1팀1기업/1팀 1기업
-logFile
Logs/AssetImportWorker2.log
-srvPort
56347
Successfully changed project path to: C:/Users/ehdwl/OneDrive/문서/GitHub/1-1-/1팀1기업/1팀 1기업
C:/Users/ehdwl/OneDrive/문서/GitHub/1-1-/1팀1기업/1팀 1기업
Using Asset Import Pipeline V2.
Refreshing native plugins compatible for Editor in 153.39 ms, found 3 plugins.
Preloading 0 native plugins for Editor in 0.00 ms.
Initialize engine version: 2020.3.21f1 (a38c86f6690f)
[Subsystems] Discovering subsystems at path C:/Program Files/Unity/Hub/Editor/2020.3.21f1/Editor/Data/Resources/UnitySubsystems
[Subsystems] Discovering subsystems at path C:/Users/ehdwl/OneDrive/문서/GitHub/1-1-/1팀1기업/1팀 1기업/Assets
GfxDevice: creating device client; threaded=0
Direct3D:
    Version:  Direct3D 11.0 [level 11.1]
    Renderer: NVIDIA GeForce RTX 3050 Ti Laptop GPU (ID=0x25a0)
    Vendor:   
    VRAM:     3990 MB
    Driver:   30.0.14.7212
Initialize mono
Mono path[0] = 'C:/Program Files/Unity/Hub/Editor/2020.3.21f1/Editor/Data/Managed'
Mono path[1] = 'C:/Program Files/Unity/Hub/Editor/2020.3.21f1/Editor/Data/MonoBleedingEdge/lib/mono/unityjit'
Mono config path = 'C:/Program Files/Unity/Hub/Editor/2020.3.21f1/Editor/Data/MonoBleedingEdge/etc'
Using monoOptions --debugger-agent=transport=dt_socket,embedding=1,server=y,suspend=n,address=127.0.0.1:56740
Begin MonoManager ReloadAssembly
Registering precompiled unity dll's ...
Register platform support module: C:/Program Files/Unity/Hub/Editor/2020.3.21f1/Editor/Data/PlaybackEngines/WindowsStandaloneSupport/UnityEditor.WindowsStandalone.Extensions.dll
Registered in 0.008156 seconds.
Native extension for WindowsStandalone target not found
Refreshing native plugins compatible for Editor in 172.81 ms, found 3 plugins.
Preloading 0 native plugins for Editor in 0.00 ms.
Mono: successfully reloaded assembly
- Completed reload, in  4.082 seconds
Domain Reload Profiling:
	ReloadAssembly (4082ms)
		BeginReloadAssembly (191ms)
			ExecutionOrderSort (0ms)
			DisableScriptedObjects (0ms)
			BackupInstance (0ms)
			ReleaseScriptingObjects (0ms)
			CreateAndSetChildDomain (2ms)
		EndReloadAssembly (1592ms)
			LoadAssemblies (185ms)
			RebuildTransferFunctionScriptingTraits (0ms)
			SetupTypeCache (445ms)
			ReleaseScriptCaches (0ms)
			RebuildScriptCaches (116ms)
			SetupLoadedEditorAssemblies (636ms)
				LogAssemblyErrors (0ms)
				InitializePlatformSupportModulesInManaged (18ms)
				SetLoadedEditorAssemblies (2ms)
				RefreshPlugins (173ms)
				BeforeProcessingInitializeOnLoad (65ms)
				ProcessInitializeOnLoadAttributes (275ms)
				ProcessInitializeOnLoadMethodAttributes (101ms)
				AfterProcessingInitializeOnLoad (0ms)
				EditorAssembliesLoaded (1ms)
			ExecutionOrderSort2 (0ms)
			AwakeInstancesAfterBackupRestoration (0ms)
Platform modules already initialized, skipping
Registering precompiled user dll's ...
Registered in 0.025883 seconds.
Begin MonoManager ReloadAssembly
Symbol file data-0000024C711A8600 doesn't match image C:\Users\ehdwl\OneDrive\문서\GitHub\1-1-\1팀1기업\1팀 1기업\Library\ScriptAssemblies\Assembly-CSharp-firstpass.dll
Symbol file LoadedFromMemory is not a mono symbol file
Symbol file data-0000024C71210080 doesn't match image C:\Users\ehdwl\OneDrive\문서\GitHub\1-1-\1팀1기업\1팀 1기업\Library\ScriptAssemblies\Unity.2D.Animation.Editor.dll
Symbol file LoadedFromMemory is not a mono symbol file
Symbol file data-0000024C70C3A840 doesn't match image C:\Users\ehdwl\OneDrive\문서\GitHub\1-1-\1팀1기업\1팀 1기업\Library\ScriptAssemblies\Unity.InternalAPIEngineBridge.001.dll
Symbol file LoadedFromMemory is not a mono symbol file
Symbol file data-0000024C76B18D80 doesn't match image C:\Users\ehdwl\OneDrive\문서\GitHub\1-1-\1팀1기업\1팀 1기업\Library\ScriptAssemblies\Unity.VSCode.Editor.dll
Symbol file LoadedFromMemory is not a mono symbol file
Symbol file data-0000024C70F82030 doesn't match image C:\Users\ehdwl\OneDrive\문서\GitHub\1-1-\1팀1기업\1팀 1기업\Library\ScriptAssemblies\Unity.2D.PixelPerfect.dll
Symbol file LoadedFromMemory is not a mono symbol file
Symbol file data-0000024C71210080 doesn't match image C:\Users\ehdwl\OneDrive\문서\GitHub\1-1-\1팀1기업\1팀 1기업\Library\ScriptAssemblies\Unity.2D.Tilemap.Editor.dll
Symbol file LoadedFromMemory is not a mono symbol file
Symbol file data-0000024C75EAB750 doesn't match image C:\Users\ehdwl\OneDrive\문서\GitHub\1-1-\1팀1기업\1팀 1기업\Library\ScriptAssemblies\PsdPlugin.dll
Symbol file LoadedFromMemory is not a mono symbol file
Symbol file data-0000024C71223290 doesn't match image C:\Users\ehdwl\OneDrive\문서\GitHub\1-1-\1팀1기업\1팀 1기업\Library\ScriptAssemblies\Unity.TextMeshPro.Editor.dll
Symbol file LoadedFromMemory is not a mono symbol file
Symbol file data-0000024C7598B9C0 doesn't match image C:\Users\ehdwl\OneDrive\문서\GitHub\1-1-\1팀1기업\1팀 1기업\Library\ScriptAssemblies\Unity.VisualStudio.Editor.dll
Symbol file LoadedFromMemory is not a mono symbol file
Symbol file data-0000024C712388A0 doesn't match image C:\Users\ehdwl\OneDrive\문서\GitHub\1-1-\1팀1기업\1팀 1기업\Library\ScriptAssemblies\UnityEngine.TestRunner.dll
Symbol file LoadedFromMemory is not a mono symbol file
Symbol file data-0000024C712388A0 doesn't match image C:\Users\ehdwl\OneDrive\문서\GitHub\1-1-\1팀1기업\1팀 1기업\Library\ScriptAssemblies\Unity.Timeline.dll
Symbol file LoadedFromMemory is not a mono symbol file
Symbol file data-0000024C75B4A020 doesn't match image C:\Users\ehdwl\OneDrive\문서\GitHub\1-1-\1팀1기업\1팀 1기업\Library\ScriptAssemblies\Unity.TextMeshPro.dll
Symbol file LoadedFromMemory is not a mono symbol file
Symbol file data-0000024C75B78230 doesn't match image C:\Users\ehdwl\OneDrive\문서\GitHub\1-1-\1팀1기업\1팀 1기업\Library\ScriptAssemblies\UnityEditor.TestRunner.dll
Symbol file LoadedFromMemory is not a mono symbol file
Symbol file data-0000024C7120A460 doesn't match image C:\Users\ehdwl\OneDrive\문서\GitHub\1-1-\1팀1기업\1팀 1기업\Library\ScriptAssemblies\Unity.2D.IK.Editor.dll
Symbol file LoadedFromMemory is not a mono symbol file
Symbol file data-0000024C75B1D230 doesn't match image C:\Users\ehdwl\OneDrive\문서\GitHub\1-1-\1팀1기업\1팀 1기업\Library\ScriptAssemblies\Unity.2D.Sprite.Editor.dll
Symbol file LoadedFromMemory is not a mono symbol file
Symbol file data-0000024C7598B9C0 doesn't match image C:\Users\ehdwl\OneDrive\문서\GitHub\1-1-\1팀1기업\1팀 1기업\Library\ScriptAssemblies\Unity.2D.Psdimporter.Editor.dll
Symbol file LoadedFromMemory is not a mono symbol file
Symbol file data-0000024C759B5430 doesn't match image C:\Users\ehdwl\OneDrive\문서\GitHub\1-1-\1팀1기업\1팀 1기업\Library\ScriptAssemblies\Unity.2D.Path.Editor.dll
Symbol file LoadedFromMemory is not a mono symbol file
Symbol file data-0000024C76C9C030 doesn't match image C:\Users\ehdwl\OneDrive\문서\GitHub\1-1-\1팀1기업\1팀 1기업\Library\ScriptAssemblies\Unity.InternalAPIEditorBridge.001.dll
Symbol file LoadedFromMemory is not a mono symbol file
Symbol file data-0000024C7598B9C0 doesn't match image C:\Users\ehdwl\OneDrive\문서\GitHub\1-1-\1팀1기업\1팀 1기업\Library\ScriptAssemblies\UnityEditor.UI.dll
Symbol file LoadedFromMemory is not a mono symbol file
Symbol file data-0000024C75AA2020 doesn't match image C:\Users\ehdwl\OneDrive\문서\GitHub\1-1-\1팀1기업\1팀 1기업\Library\ScriptAssemblies\Unity.PlasticSCM.Editor.dll
Symbol file LoadedFromMemory is not a mono symbol file
Symbol file data-0000024C712DFC20 doesn't match image C:\Users\ehdwl\OneDrive\문서\GitHub\1-1-\1팀1기업\1팀 1기업\Library\ScriptAssemblies\Unity.Rider.Editor.dll
Symbol file LoadedFromMemory is not a mono symbol file
Symbol file data-0000024C75A4E020 doesn't match image C:\Users\ehdwl\OneDrive\문서\GitHub\1-1-\1팀1기업\1팀 1기업\Library\ScriptAssemblies\UnityEngine.UI.dll
Symbol file LoadedFromMemory is not a mono symbol file
Symbol file data-0000024C75333020 doesn't match image C:\Users\ehdwl\OneDrive\문서\GitHub\1-1-\1팀1기업\1팀 1기업\Library\ScriptAssemblies\Unity.Mathematics.dll
Symbol file LoadedFromMemory is not a mono symbol file
Symbol file data-0000024C75B34440 doesn't match image C:\Users\ehdwl\OneDrive\문서\GitHub\1-1-\1팀1기업\1팀 1기업\Library\ScriptAssemblies\Unity.2D.IK.Runtime.dll
Symbol file LoadedFromMemory is not a mono symbol file
Symbol file data-0000024C717B2030 doesn't match image C:\Users\ehdwl\OneDrive\문서\GitHub\1-1-\1팀1기업\1팀 1기업\Library\ScriptAssemblies\Unity.Services.Core.Editor.dll
Symbol file LoadedFromMemory is not a mono symbol file
Symbol file data-0000024C75FBA010 doesn't match image C:\Users\ehdwl\OneDrive\문서\GitHub\1-1-\1팀1기업\1팀 1기업\Library\ScriptAssemblies\Unity.2D.Animation.Triangle.Runtime.dll
Symbol file LoadedFromMemory is not a mono symbol file
Symbol file data-0000024C75B34440 doesn't match image C:\Users\ehdwl\OneDrive\문서\GitHub\1-1-\1팀1기업\1팀 1기업\Library\ScriptAssemblies\Unity.2D.Animation.Runtime.dll
Symbol file LoadedFromMemory is not a mono symbol file
Symbol file data-0000024C7124BEC0 doesn't match image C:\Users\ehdwl\OneDrive\문서\GitHub\1-1-\1팀1기업\1팀 1기업\Library\ScriptAssemblies\Unity.2D.PixelPerfect.Editor.dll
Symbol file LoadedFromMemory is not a mono symbol file
Symbol file data-0000024C75FBA010 doesn't match image C:\Users\ehdwl\OneDrive\문서\GitHub\1-1-\1팀1기업\1팀 1기업\Library\ScriptAssemblies\Unity.Timeline.Editor.dll
Symbol file LoadedFromMemory is not a mono symbol file
Symbol file data-0000024C75FE2620 doesn't match image C:\Users\ehdwl\OneDrive\문서\GitHub\1-1-\1팀1기업\1팀 1기업\Library\ScriptAssemblies\Unity.CollabProxy.Editor.dll
Symbol file LoadedFromMemory is not a mono symbol file
Symbol file data-0000024C762DE070 doesn't match image C:\Users\ehdwl\OneDrive\문서\GitHub\1-1-\1팀1기업\1팀 1기업\Library\ScriptAssemblies\Unity.Mathematics.Editor.dll
Symbol file LoadedFromMemory is not a mono symbol file
Symbol file data-0000024C761F1E20 doesn't match image C:\Users\ehdwl\OneDrive\문서\GitHub\1-1-\1팀1기업\1팀 1기업\Library\ScriptAssemblies\Unity.2D.Common.Runtime.dll
Symbol file LoadedFromMemory is not a mono symbol file
Symbol file data-0000024C71257F10 doesn't match image C:\Users\ehdwl\OneDrive\문서\GitHub\1-1-\1팀1기업\1팀 1기업\Library\ScriptAssemblies\Unity.2D.SpriteShape.Editor.dll
Symbol file LoadedFromMemory is not a mono symbol file
Symbol file data-0000024C75B88240 doesn't match image C:\Users\ehdwl\OneDrive\문서\GitHub\1-1-\1팀1기업\1팀 1기업\Library\ScriptAssemblies\Unity.2D.Common.Editor.dll
Symbol file LoadedFromMemory is not a mono symbol file
Symbol file data-0000024C757D4430 doesn't match image C:\Users\ehdwl\OneDrive\문서\GitHub\1-1-\1팀1기업\1팀 1기업\Library\ScriptAssemblies\Unity.2D.SpriteShape.Runtime.dll
Symbol file LoadedFromMemory is not a mono symbol file
Native extension for WindowsStandalone target not found
Refreshing native plugins compatible for Editor in 154.19 ms, found 3 plugins.
Preloading 0 native plugins for Editor in 0.00 ms.
